2021-02-26T11:06:53.938343+08:00	 7556 Query	SET PROFILING=1
2021-02-26T11:06:53.939809+08:00	 7556 Query	SHOW STATUS
2021-02-26T11:06:53.944075+08:00	 7556 Query	SHOW STATUS
2021-02-26T11:06:53.972466+08:00	 7556 Query	set global general_log=1
2021-02-26T11:06:53.992366+08:00	 7556 Query	SHOW STATUS
2021-02-26T11:06:53.997081+08:00	 7556 Query	SELECT QUERY_ID, SUM(DURATION) AS SUM_DURATION FROM INFORMATION_SCHEMA.PROFILING GROUP BY QUERY_ID
2021-02-26T11:06:53.999746+08:00	 7556 Query	SELECT STATE AS `状态`, ROUND(SUM(DURATION),7) AS `期间`, CONCAT(ROUND(SUM(DURATION)/0.000255*100,3), '%') AS `百分比` FROM INFORMATION_SCHEMA.PROFILING WHERE QUERY_ID=10 GROUP BY STATE ORDER BY SEQ
2021-02-26T11:07:00.644504+08:00	 7563 Query	call pr_time_update_order_status()
2021-02-26T11:07:21.991722+08:00	 7564 Connect	root@localhost on  using Socket
2021-02-26T11:07:21.991961+08:00	 7564 Query	/*!40100 SET @@SQL_MODE='' */
2021-02-26T11:07:21.992084+08:00	 7564 Query	/*!40103 SET TIME_ZONE='+00:00' */
2021-02-26T11:07:21.992275+08:00	 7564 Query	SHOW VARIABLES LIKE 'gtid\_mode'
2021-02-26T11:07:21.994978+08:00	 7564 Query	SELECT @@GLOBAL.GTID_EXECUTED
2021-02-26T11:07:21.995237+08:00	 7564 Query	SELECT LOGFILE_GROUP_NAME, FILE_NAME, TOTAL_EXTENTS, INITIAL_SIZE, ENGINE, EXTRA FROM INFORMATION_SCHEMA.FILES WHERE FILE_TYPE = 'UNDO LOG' AND FILE_NAME IS NOT NULL AND LOGFILE_GROUP_NAME IS NOT NULL AND LOGFILE_GROUP_NAME IN (SELECT DISTINCT LOGFILE_GROUP_NAME FROM INFORMATION_SCHEMA.FILES WHERE FILE_TYPE = 'DATAFILE' AND TABLESPACE_NAME IN (SELECT DISTINCT TABLESPACE_NAME FROM INFORMATION_SCHEMA.PARTITIONS WHERE TABLE_SCHEMA IN ('yldbs'))) GROUP BY LOGFILE_GROUP_NAME, FILE_NAME, ENGINE, TOTAL_EXTENTS, INITIAL_SIZE ORDER BY LOGFILE_GROUP_NAME
2021-02-26T11:07:22.147207+08:00	 7564 Query	SELECT DISTINCT TABLESPACE_NAME, FILE_NAME, LOGFILE_GROUP_NAME, EXTENT_SIZE, INITIAL_SIZE, ENGINE FROM INFORMATION_SCHEMA.FILES WHERE FILE_TYPE = 'DATAFILE' AND TABLESPACE_NAME IN (SELECT DISTINCT TABLESPACE_NAME FROM INFORMATION_SCHEMA.PARTITIONS WHERE TABLE_SCHEMA IN ('yldbs')) ORDER BY TABLESPACE_NAME, LOGFILE_GROUP_NAME
2021-02-26T11:07:22.213665+08:00	 7564 Query	SHOW VARIABLES LIKE 'ndbinfo\_version'
2021-02-26T11:07:22.215113+08:00	 7564 Init DB	yldbs
2021-02-26T11:07:22.215175+08:00	 7564 Query	SHOW CREATE DATABASE IF NOT EXISTS `yldbs`
2021-02-26T11:07:22.215233+08:00	 7564 Query	show tables
2021-02-26T11:07:22.215324+08:00	 7564 Query	LOCK TABLES `t1` READ /*!32311 LOCAL */
2021-02-26T11:07:22.215400+08:00	 7564 Query	show table status like 't1'
2021-02-26T11:07:22.215537+08:00	 7564 Query	SET SQL_QUOTE_SHOW_CREATE=1
2021-02-26T11:07:22.215572+08:00	 7564 Query	SET SESSION character_set_results = 'binary'
2021-02-26T11:07:22.215603+08:00	 7564 Query	show create table `t1`
2021-02-26T11:07:22.215645+08:00	 7564 Query	SET SESSION character_set_results = 'utf8'
2021-02-26T11:07:22.215678+08:00	 7564 Query	show fields from `t1`
2021-02-26T11:07:22.215878+08:00	 7564 Query	show fields from `t1`
2021-02-26T11:07:22.216074+08:00	 7564 Query	SELECT /*!40001 SQL_NO_CACHE */ * FROM `t1`
2021-02-26T11:07:22.216183+08:00	 7564 Query	SET SESSION character_set_results = 'binary'
2021-02-26T11:07:22.216216+08:00	 7564 Query	use `yldbs`
2021-02-26T11:07:22.216247+08:00	 7564 Query	select @@collation_database
2021-02-26T11:07:22.216286+08:00	 7564 Query	SHOW TRIGGERS LIKE 't1'
2021-02-26T11:07:22.216448+08:00	 7564 Query	SET SESSION character_set_results = 'utf8'
2021-02-26T11:07:22.216475+08:00	 7564 Query	UNLOCK TABLES
2021-02-26T11:07:22.801376+08:00	 7564 Quit	
