2019-02-11T01:31:39.904886+08:00	   14 Connect	root@localhost on  using Socket
2019-02-11T01:31:39.905398+08:00	   14 Query	/*!40100 SET @@SQL_MODE='' */
2019-02-11T01:31:39.905966+08:00	   14 Query	/*!40103 SET TIME_ZONE='+00:00' */
2019-02-11T01:31:39.906346+08:00	   14 Query	FLUSH /*!40101 LOCAL */ TABLES
2019-02-11T01:31:39.906978+08:00	   14 Query	FLUSH TABLES WITH READ LOCK
2019-02-11T01:31:39.907295+08:00	   14 Query	SET SESSION TRANSACTION ISOLATION LEVEL REPEATABLE READ
2019-02-11T01:31:39.908371+08:00	   14 Query	START TRANSACTION /*!40100 WITH CONSISTENT SNAPSHOT */
2019-02-11T01:31:39.909058+08:00	   14 Query	SHOW MASTER STATUS
2019-02-11T01:31:39.909563+08:00	   14 Query	UNLOCK TABLES
2019-02-11T01:31:39.910275+08:00	   14 Query	SELECT LOGFILE_GROUP_NAME, FILE_NAME, TOTAL_EXTENTS, INITIAL_SIZE, ENGINE, EXTRA FROM INFORMATION_SCHEMA.FILES WHERE FILE_TYPE = 'UNDO LOG' AND FILE_NAME IS NOT NULL AND LOGFILE_GROUP_NAME IS NOT NULL AND LOGFILE_GROUP_NAME IN (SELECT DISTINCT LOGFILE_GROUP_NAME FROM INFORMATION_SCHEMA.FILES WHERE FILE_TYPE = 'DATAFILE' AND TABLESPACE_NAME IN (SELECT DISTINCT TABLESPACE_NAME FROM INFORMATION_SCHEMA.PARTITIONS WHERE TABLE_SCHEMA IN ('sql_db'))) GROUP BY LOGFILE_GROUP_NAME, FILE_NAME, ENGINE, TOTAL_EXTENTS, INITIAL_SIZE ORDER BY LOGFILE_GROUP_NAME
2019-02-11T01:31:39.918774+08:00	   14 Query	SELECT DISTINCT TABLESPACE_NAME, FILE_NAME, LOGFILE_GROUP_NAME, EXTENT_SIZE, INITIAL_SIZE, ENGINE FROM INFORMATION_SCHEMA.FILES WHERE FILE_TYPE = 'DATAFILE' AND TABLESPACE_NAME IN (SELECT DISTINCT TABLESPACE_NAME FROM INFORMATION_SCHEMA.PARTITIONS WHERE TABLE_SCHEMA IN ('sql_db')) ORDER BY TABLESPACE_NAME, LOGFILE_GROUP_NAME
2019-02-11T01:31:39.923804+08:00	   14 Query	SHOW VARIABLES LIKE 'ndbinfo\_version'
2019-02-11T01:31:39.928149+08:00	   14 Init DB	sql_db
2019-02-11T01:31:39.928619+08:00	   14 Query	SHOW CREATE DATABASE IF NOT EXISTS `sql_db`
2019-02-11T01:31:39.929062+08:00	   14 Query	SAVEPOINT sp
2019-02-11T01:31:39.929522+08:00	   14 Query	show tables
2019-02-11T01:31:39.930121+08:00	   14 Query	show table status like 't1'
2019-02-11T01:31:39.930717+08:00	   14 Query	SET SQL_QUOTE_SHOW_CREATE=1
2019-02-11T01:31:39.931117+08:00	   14 Query	SET SESSION character_set_results = 'binary'
2019-02-11T01:31:39.931399+08:00	   14 Query	show create table `t1`
2019-02-11T01:31:39.932203+08:00	   14 Query	SET SESSION character_set_results = 'utf8'
2019-02-11T01:31:39.932565+08:00	   14 Query	show fields from `t1`
2019-02-11T01:31:39.934117+08:00	   14 Query	show fields from `t1`
2019-02-11T01:31:39.936324+08:00	   14 Query	SELECT /*!40001 SQL_NO_CACHE */ * FROM `t1`
2019-02-11T01:31:39.939129+08:00	   14 Query	SET SESSION character_set_results = 'binary'
2019-02-11T01:31:39.939476+08:00	   14 Query	use `sql_db`
2019-02-11T01:31:39.940135+08:00	   14 Query	select @@collation_database
2019-02-11T01:31:39.940295+08:00	   14 Query	SHOW TRIGGERS LIKE 't1'
2019-02-11T01:31:39.940773+08:00	   14 Query	SET SESSION character_set_results = 'utf8'
2019-02-11T01:31:39.940928+08:00	   14 Query	ROLLBACK TO SAVEPOINT sp
2019-02-11T01:31:39.941142+08:00	   14 Query	show table status like 't2'
2019-02-11T01:31:39.941405+08:00	   14 Query	SET SQL_QUOTE_SHOW_CREATE=1
2019-02-11T01:31:39.941594+08:00	   14 Query	SET SESSION character_set_results = 'binary'
2019-02-11T01:31:39.941727+08:00	   14 Query	show create table `t2`
2019-02-11T01:31:39.941925+08:00	   14 Query	SET SESSION character_set_results = 'utf8'
2019-02-11T01:31:39.942054+08:00	   14 Query	show fields from `t2`
2019-02-11T01:31:39.942524+08:00	   14 Query	show fields from `t2`
2019-02-11T01:31:39.942954+08:00	   14 Query	SELECT /*!40001 SQL_NO_CACHE */ * FROM `t2`
2019-02-11T01:31:39.943916+08:00	   14 Query	SET SESSION character_set_results = 'binary'
2019-02-11T01:31:39.944040+08:00	   14 Query	use `sql_db`
2019-02-11T01:31:39.944188+08:00	   14 Query	select @@collation_database
2019-02-11T01:31:39.944410+08:00	   14 Query	SHOW TRIGGERS LIKE 't2'
2019-02-11T01:31:39.944825+08:00	   14 Query	SET SESSION character_set_results = 'utf8'
2019-02-11T01:31:39.945046+08:00	   14 Query	ROLLBACK TO SAVEPOINT sp
2019-02-11T01:31:39.945197+08:00	   14 Query	RELEASE SAVEPOINT sp
2019-02-11T01:31:39.948362+08:00	   14 Quit	
