

root@localhost [zst]>select table_schema,table_name,engine from information_schema.tables where table_schema='zst';
+--------------+-------------+--------+
| table_schema | table_name  | engine |
+--------------+-------------+--------+
| zst          | a           | MyISAM |
| zst          | mytest      | InnoDB |
| zst          | mytest01    | InnoDB |
| zst          | product     | InnoDB |
| zst          | t           | InnoDB |
| zst          | t1          | InnoDB |
| zst          | t1_10yi     | InnoDB |
| zst          | t2          | InnoDB |
| zst          | t20190930   | InnoDB |
| zst          | t20191007   | InnoDB |
| zst          | t2019100702 | InnoDB |
| zst          | t2020       | MyISAM |
+--------------+-------------+--------+
12 rows in set (0.00 sec)




mysqldump  -uroot -p123456abc  --single-transaction  --master-data=2   -B zst > zst.sql


参考笔记 《通过备份实验验证不明白的地方》

