
2020-03-15T05:30:45.647326Z	   94 Connect	root@localhost on  using Socket
2020-03-15T05:30:45.647580Z	   94 Query	/*!40100 SET @@SQL_MODE='' */
2020-03-15T05:30:45.648005Z	   94 Query	/*!40103 SET TIME_ZONE='+00:00' */
2020-03-15T05:30:45.648394Z	   94 Query	FLUSH /*!40101 LOCAL */ TABLES
2020-03-15T05:30:45.653818Z	   94 Query	FLUSH TABLES WITH READ LOCK
2020-03-15T05:30:45.654308Z	   94 Query	SET SESSION TRANSACTION ISOLATION LEVEL REPEATABLE READ
2020-03-15T05:30:45.654494Z	   94 Query	START TRANSACTION /*!40100 WITH CONSISTENT SNAPSHOT */
2020-03-15T05:30:45.655628Z	   94 Query	SHOW VARIABLES LIKE 'gtid\_mode'
2020-03-15T05:30:45.659373Z	   94 Query	SELECT @@GLOBAL.GTID_EXECUTED
2020-03-15T05:30:45.659553Z	   94 Query	SHOW MASTER STATUS
2020-03-15T05:30:45.659728Z	   94 Query	UNLOCK TABLES
2020-03-15T05:30:45.659968Z	   94 Query	SELECT LOGFILE_GROUP_NAME, FILE_NAME, TOTAL_EXTENTS, INITIAL_SIZE, ENGINE, EXTRA FROM INFORMATION_SCHEMA.FILES WHERE FILE_TYPE = 'UNDO LOG' AND FILE_NAME IS NOT NULL AND LOGFILE_GROUP_NAME IS NOT NULL AND LOGFILE_GROUP_NAME IN (SELECT DISTINCT LOGFILE_GROUP_NAME FROM INFORMATION_SCHEMA.FILES WHERE FILE_TYPE = 'DATAFILE' AND TABLESPACE_NAME IN (SELECT DISTINCT TABLESPACE_NAME FROM INFORMATION_SCHEMA.PARTITIONS WHERE TABLE_SCHEMA IN ('zst'))) GROUP BY LOGFILE_GROUP_NAME, FILE_NAME, ENGINE, TOTAL_EXTENTS, INITIAL_SIZE ORDER BY LOGFILE_GROUP_NAME
2020-03-15T05:30:45.663709Z	   94 Query	SELECT DISTINCT TABLESPACE_NAME, FILE_NAME, LOGFILE_GROUP_NAME, EXTENT_SIZE, INITIAL_SIZE, ENGINE FROM INFORMATION_SCHEMA.FILES WHERE FILE_TYPE = 'DATAFILE' AND TABLESPACE_NAME IN (SELECT DISTINCT TABLESPACE_NAME FROM INFORMATION_SCHEMA.PARTITIONS WHERE TABLE_SCHEMA IN ('zst')) ORDER BY TABLESPACE_NAME, LOGFILE_GROUP_NAME
2020-03-15T05:30:45.666897Z	   94 Query	SHOW VARIABLES LIKE 'ndbinfo\_version'
2020-03-15T05:30:45.672991Z	   94 Init DB	zst
2020-03-15T05:30:45.673970Z	   94 Query	SHOW CREATE DATABASE IF NOT EXISTS `zst`
2020-03-15T05:30:45.674410Z	   94 Query	SAVEPOINT sp
2020-03-15T05:30:45.674758Z	   94 Query	show tables
2020-03-15T05:30:45.675779Z	   94 Query	show table status like 'a'
2020-03-15T05:30:45.676759Z	   94 Query	SET SQL_QUOTE_SHOW_CREATE=1
2020-03-15T05:30:45.677051Z	   94 Query	SET SESSION character_set_results = 'binary'
2020-03-15T05:30:45.677827Z	   94 Query	show create table `a`
2020-03-15T05:30:45.678550Z	   94 Query	SET SESSION character_set_results = 'utf8'
2020-03-15T05:30:45.679260Z	   94 Query	show fields from `a`
2020-03-15T05:30:45.682442Z	   94 Query	show fields from `a`
2020-03-15T05:30:45.683483Z	   94 Query	SELECT /*!40001 SQL_NO_CACHE */ * FROM `a`
2020-03-15T05:30:45.683924Z	   94 Query	SET SESSION character_set_results = 'binary'
2020-03-15T05:30:45.684107Z	   94 Query	use `zst`
2020-03-15T05:30:45.684398Z	   94 Query	select @@collation_database
2020-03-15T05:30:45.684561Z	   94 Query	SHOW TRIGGERS LIKE 'a'
2020-03-15T05:30:45.685492Z	   94 Query	SET SESSION character_set_results = 'utf8'
2020-03-15T05:30:45.685689Z	   94 Query	ROLLBACK TO SAVEPOINT sp
2020-03-15T05:30:45.685898Z	   94 Query	show table status like 'mytest'
2020-03-15T05:30:45.686253Z	   94 Query	SET SQL_QUOTE_SHOW_CREATE=1
2020-03-15T05:30:45.686448Z	   94 Query	SET SESSION character_set_results = 'binary'
2020-03-15T05:30:45.686583Z	   94 Query	show create table `mytest`
2020-03-15T05:30:45.686837Z	   94 Query	SET SESSION character_set_results = 'utf8'
2020-03-15T05:30:45.687028Z	   94 Query	show fields from `mytest`
2020-03-15T05:30:45.687629Z	   94 Query	show fields from `mytest`
2020-03-15T05:30:45.688888Z	   94 Query	SELECT /*!40001 SQL_NO_CACHE */ * FROM `mytest`
2020-03-15T05:30:45.690129Z	   94 Query	SET SESSION character_set_results = 'binary'
2020-03-15T05:30:45.690358Z	   94 Query	use `zst`
2020-03-15T05:30:45.690618Z	   94 Query	select @@collation_database
2020-03-15T05:30:45.690888Z	   94 Query	SHOW TRIGGERS LIKE 'mytest'
2020-03-15T05:30:45.692577Z	   94 Query	SET SESSION character_set_results = 'utf8'
2020-03-15T05:30:45.693121Z	   94 Query	ROLLBACK TO SAVEPOINT sp
2020-03-15T05:30:45.693683Z	   94 Query	show table status like 'mytest01'
2020-03-15T05:30:45.694200Z	   94 Query	SET SQL_QUOTE_SHOW_CREATE=1
2020-03-15T05:30:45.694509Z	   94 Query	SET SESSION character_set_results = 'binary'
2020-03-15T05:30:45.694761Z	   94 Query	show create table `mytest01`
2020-03-15T05:30:45.695056Z	   94 Query	SET SESSION character_set_results = 'utf8'
2020-03-15T05:30:45.695281Z	   94 Query	show fields from `mytest01`
2020-03-15T05:30:45.695860Z	   94 Query	show fields from `mytest01`
2020-03-15T05:30:45.696496Z	   94 Query	SELECT /*!40001 SQL_NO_CACHE */ * FROM `mytest01`
2020-03-15T05:30:45.696919Z	   94 Query	SET SESSION character_set_results = 'binary'
2020-03-15T05:30:45.697279Z	   94 Query	use `zst`
2020-03-15T05:30:45.697609Z	   94 Query	select @@collation_database
2020-03-15T05:30:45.697991Z	   94 Query	SHOW TRIGGERS LIKE 'mytest01'
2020-03-15T05:30:45.702780Z	   94 Query	SET SESSION character_set_results = 'utf8'
2020-03-15T05:30:45.703319Z	   94 Query	ROLLBACK TO SAVEPOINT sp
2020-03-15T05:30:45.703576Z	   94 Query	show table status like 'product'
2020-03-15T05:30:45.704970Z	   94 Query	SET SQL_QUOTE_SHOW_CREATE=1
2020-03-15T05:30:45.705287Z	   94 Query	SET SESSION character_set_results = 'binary'
2020-03-15T05:30:45.705464Z	   94 Query	show create table `product`
2020-03-15T05:30:45.705735Z	   94 Query	SET SESSION character_set_results = 'utf8'
2020-03-15T05:30:45.705904Z	   94 Query	show fields from `product`
2020-03-15T05:30:45.706729Z	   94 Query	show fields from `product`
2020-03-15T05:30:45.707672Z	   94 Query	SELECT /*!40001 SQL_NO_CACHE */ * FROM `product`
2020-03-15T05:30:45.708495Z	   94 Query	SET SESSION character_set_results = 'binary'
2020-03-15T05:30:45.708857Z	   94 Query	use `zst`
2020-03-15T05:30:45.709684Z	   94 Query	select @@collation_database
2020-03-15T05:30:45.710588Z	   94 Query	SHOW TRIGGERS LIKE 'product'
2020-03-15T05:30:45.711396Z	   94 Query	SET SESSION character_set_results = 'utf8'
2020-03-15T05:30:45.711748Z	   94 Query	ROLLBACK TO SAVEPOINT sp
2020-03-15T05:30:45.712352Z	   94 Query	show table status like 't'
2020-03-15T05:30:45.713274Z	   94 Query	SET SQL_QUOTE_SHOW_CREATE=1
2020-03-15T05:30:45.713698Z	   94 Query	SET SESSION character_set_results = 'binary'
2020-03-15T05:30:45.713856Z	   94 Query	show create table `t`
2020-03-15T05:30:45.714090Z	   94 Query	SET SESSION character_set_results = 'utf8'
2020-03-15T05:30:45.714321Z	   94 Query	show fields from `t`
2020-03-15T05:30:45.714792Z	   94 Query	show fields from `t`
2020-03-15T05:30:45.715206Z	   94 Query	SELECT /*!40001 SQL_NO_CACHE */ * FROM `t`
2020-03-15T05:30:45.715673Z	   94 Query	SET SESSION character_set_results = 'binary'
2020-03-15T05:30:45.715863Z	   94 Query	use `zst`
2020-03-15T05:30:45.716088Z	   94 Query	select @@collation_database
2020-03-15T05:30:45.716442Z	   94 Query	SHOW TRIGGERS LIKE 't'
2020-03-15T05:30:45.717077Z	   94 Query	SET SESSION character_set_results = 'utf8'
2020-03-15T05:30:45.717352Z	   94 Query	ROLLBACK TO SAVEPOINT sp
2020-03-15T05:30:45.717729Z	   94 Query	show table status like 't1'
2020-03-15T05:30:45.718336Z	   94 Query	SET SQL_QUOTE_SHOW_CREATE=1
2020-03-15T05:30:45.718618Z	   94 Query	SET SESSION character_set_results = 'binary'
2020-03-15T05:30:45.718818Z	   94 Query	show create table `t1`
2020-03-15T05:30:45.719201Z	   94 Query	SET SESSION character_set_results = 'utf8'
2020-03-15T05:30:45.719398Z	   94 Query	show fields from `t1`
2020-03-15T05:30:45.719976Z	   94 Query	show fields from `t1`
2020-03-15T05:30:45.720585Z	   94 Query	SELECT /*!40001 SQL_NO_CACHE */ * FROM `t1`
2020-03-15T05:30:45.720981Z	   94 Query	SET SESSION character_set_results = 'binary'
2020-03-15T05:30:45.721269Z	   94 Query	use `zst`
2020-03-15T05:30:45.721551Z	   94 Query	select @@collation_database
2020-03-15T05:30:45.721779Z	   94 Query	SHOW TRIGGERS LIKE 't1'
2020-03-15T05:30:45.722493Z	   94 Query	SET SESSION character_set_results = 'utf8'
2020-03-15T05:30:45.722683Z	   94 Query	ROLLBACK TO SAVEPOINT sp
2020-03-15T05:30:45.722911Z	   94 Query	show table status like 't1\_10yi'
2020-03-15T05:30:45.723308Z	   94 Query	SET SQL_QUOTE_SHOW_CREATE=1
2020-03-15T05:30:45.723567Z	   94 Query	SET SESSION character_set_results = 'binary'
2020-03-15T05:30:45.723809Z	   94 Query	show create table `t1_10yi`
2020-03-15T05:30:45.724118Z	   94 Query	SET SESSION character_set_results = 'utf8'
2020-03-15T05:30:45.724499Z	   94 Query	show fields from `t1_10yi`
2020-03-15T05:30:45.725003Z	   94 Query	show fields from `t1_10yi`
2020-03-15T05:30:45.725404Z	   94 Query	SELECT /*!40001 SQL_NO_CACHE */ * FROM `t1_10yi`
2020-03-15T05:30:45.725752Z	   94 Query	SET SESSION character_set_results = 'binary'
2020-03-15T05:30:45.725933Z	   94 Query	use `zst`
2020-03-15T05:30:45.726287Z	   94 Query	select @@collation_database
2020-03-15T05:30:45.726490Z	   94 Query	SHOW TRIGGERS LIKE 't1\_10yi'
2020-03-15T05:30:45.727082Z	   94 Query	SET SESSION character_set_results = 'utf8'
2020-03-15T05:30:45.727288Z	   94 Query	ROLLBACK TO SAVEPOINT sp
2020-03-15T05:30:45.727483Z	   94 Query	show table status like 't2'
2020-03-15T05:30:45.727832Z	   94 Query	SET SQL_QUOTE_SHOW_CREATE=1
2020-03-15T05:30:45.728035Z	   94 Query	SET SESSION character_set_results = 'binary'
2020-03-15T05:30:45.728227Z	   94 Query	show create table `t2`
2020-03-15T05:30:45.728424Z	   94 Query	SET SESSION character_set_results = 'utf8'
2020-03-15T05:30:45.728592Z	   94 Query	show fields from `t2`
2020-03-15T05:30:45.729014Z	   94 Query	show fields from `t2`
2020-03-15T05:30:45.729487Z	   94 Query	SELECT /*!40001 SQL_NO_CACHE */ * FROM `t2`
2020-03-15T05:30:45.729755Z	   94 Query	SET SESSION character_set_results = 'binary'
2020-03-15T05:30:45.729920Z	   94 Query	use `zst`
2020-03-15T05:30:45.730070Z	   94 Query	select @@collation_database
2020-03-15T05:30:45.730315Z	   94 Query	SHOW TRIGGERS LIKE 't2'
2020-03-15T05:30:45.730733Z	   94 Query	SET SESSION character_set_results = 'utf8'
2020-03-15T05:30:45.730901Z	   94 Query	ROLLBACK TO SAVEPOINT sp
2020-03-15T05:30:45.731077Z	   94 Query	show table status like 't20190930'
2020-03-15T05:30:45.731427Z	   94 Query	SET SQL_QUOTE_SHOW_CREATE=1
2020-03-15T05:30:45.731590Z	   94 Query	SET SESSION character_set_results = 'binary'
2020-03-15T05:30:45.731791Z	   94 Query	show create table `t20190930`
2020-03-15T05:30:45.732031Z	   94 Query	SET SESSION character_set_results = 'utf8'
2020-03-15T05:30:45.732364Z	   94 Query	show fields from `t20190930`
2020-03-15T05:30:45.733959Z	   94 Query	show fields from `t20190930`
2020-03-15T05:30:45.734820Z	   94 Query	SELECT /*!40001 SQL_NO_CACHE */ * FROM `t20190930`
2020-03-15T05:30:45.738769Z	   94 Query	SET SESSION character_set_results = 'binary'
2020-03-15T05:30:45.738988Z	   94 Query	use `zst`
2020-03-15T05:30:45.739221Z	   94 Query	select @@collation_database
2020-03-15T05:30:45.739383Z	   94 Query	SHOW TRIGGERS LIKE 't20190930'
2020-03-15T05:30:45.739890Z	   94 Query	SET SESSION character_set_results = 'utf8'
2020-03-15T05:30:45.740061Z	   94 Query	ROLLBACK TO SAVEPOINT sp
2020-03-15T05:30:45.740261Z	   94 Query	show table status like 't20191007'
2020-03-15T05:30:45.740536Z	   94 Query	SET SQL_QUOTE_SHOW_CREATE=1
2020-03-15T05:30:45.740695Z	   94 Query	SET SESSION character_set_results = 'binary'
2020-03-15T05:30:45.740855Z	   94 Query	show create table `t20191007`
2020-03-15T05:30:45.741044Z	   94 Query	SET SESSION character_set_results = 'utf8'
2020-03-15T05:30:45.741219Z	   94 Query	show fields from `t20191007`
2020-03-15T05:30:45.741570Z	   94 Query	show fields from `t20191007`
2020-03-15T05:30:45.741986Z	   94 Query	SELECT /*!40001 SQL_NO_CACHE */ * FROM `t20191007`
2020-03-15T05:30:45.742285Z	   94 Query	SET SESSION character_set_results = 'binary'
2020-03-15T05:30:45.742437Z	   94 Query	use `zst`
2020-03-15T05:30:45.742605Z	   94 Query	select @@collation_database
2020-03-15T05:30:45.742800Z	   94 Query	SHOW TRIGGERS LIKE 't20191007'
2020-03-15T05:30:45.743244Z	   94 Query	SET SESSION character_set_results = 'utf8'
2020-03-15T05:30:45.743395Z	   94 Query	ROLLBACK TO SAVEPOINT sp
2020-03-15T05:30:45.743567Z	   94 Query	show table status like 't2019100702'
2020-03-15T05:30:45.743882Z	   94 Query	SET SQL_QUOTE_SHOW_CREATE=1
2020-03-15T05:30:45.744045Z	   94 Query	SET SESSION character_set_results = 'binary'
2020-03-15T05:30:45.744248Z	   94 Query	show create table `t2019100702`
2020-03-15T05:30:45.744514Z	   94 Query	SET SESSION character_set_results = 'utf8'
2020-03-15T05:30:45.744717Z	   94 Query	show fields from `t2019100702`
2020-03-15T05:30:45.745116Z	   94 Query	show fields from `t2019100702`
2020-03-15T05:30:45.745587Z	   94 Query	SELECT /*!40001 SQL_NO_CACHE */ * FROM `t2019100702`
2020-03-15T05:30:45.745897Z	   94 Query	SET SESSION character_set_results = 'binary'
2020-03-15T05:30:45.746033Z	   94 Query	use `zst`
2020-03-15T05:30:45.746244Z	   94 Query	select @@collation_database
2020-03-15T05:30:45.746388Z	   94 Query	SHOW TRIGGERS LIKE 't2019100702'
2020-03-15T05:30:45.746774Z	   94 Query	SET SESSION character_set_results = 'utf8'
2020-03-15T05:30:45.746954Z	   94 Query	ROLLBACK TO SAVEPOINT sp
2020-03-15T05:30:45.747086Z	   94 Query	show table status like 't2020'
2020-03-15T05:30:45.747428Z	   94 Query	SET SQL_QUOTE_SHOW_CREATE=1
2020-03-15T05:30:45.747614Z	   94 Query	SET SESSION character_set_results = 'binary'
2020-03-15T05:30:45.747787Z	   94 Query	show create table `t2020`
2020-03-15T05:30:45.747977Z	   94 Query	SET SESSION character_set_results = 'utf8'
2020-03-15T05:30:45.748270Z	   94 Query	show fields from `t2020`
2020-03-15T05:30:45.748899Z	   94 Query	show fields from `t2020`
2020-03-15T05:30:45.749896Z	   94 Query	SELECT /*!40001 SQL_NO_CACHE */ * FROM `t2020`
2020-03-15T05:30:45.750374Z	   94 Query	SET SESSION character_set_results = 'binary'
2020-03-15T05:30:45.750545Z	   94 Query	use `zst`
2020-03-15T05:30:45.750854Z	   94 Query	select @@collation_database
2020-03-15T05:30:45.751227Z	   94 Query	SHOW TRIGGERS LIKE 't2020'
2020-03-15T05:30:45.752079Z	   94 Query	SET SESSION character_set_results = 'utf8'
2020-03-15T05:30:45.752293Z	   94 Query	ROLLBACK TO SAVEPOINT sp
2020-03-15T05:30:45.752452Z	   94 Query	RELEASE SAVEPOINT sp
2020-03-15T05:30:45.760428Z	   94 Quit	