Thread 46 (Thread 0x7f82c3ffa700 (LWP 2847)):
#0  0x00007f82cbf2147a in sigwaitinfo () from /lib64/libc.so.6
#1  0x0000000000f5299b in timer_notify_thread_func (arg=<optimized out>) at /export/home/pb2/build/sb_0-27500212-1520171728.22/mysql-5.7.22/mysys/posix_timers.c:77
#2  0x0000000001256a94 in pfs_spawn_thread (arg=0x3c2c010) at /export/home/pb2/build/sb_0-27500212-1520171728.22/mysql-5.7.22/storage/perfschema/pfs.cc:2190
#3  0x00007f82cd52fe25 in start_thread () from /lib64/libpthread.so.0
#4  0x00007f82cbfe8bad in clone () from /lib64/libc.so.6
Thread 45 (Thread 0x7f8123ff5700 (LWP 2851)):
#0  0x00007f82cd326644 in __io_getevents_0_4 () from /lib64/libaio.so.1
#1  0x0000000000ff30c4 in LinuxAIOHandler::collect (this=0x7f8123ff4dd0) at /export/home/pb2/build/sb_0-27500212-1520171728.22/mysql-5.7.22/storage/innobase/os/os0file.cc:2502
#2  0x0000000000ff47e4 in LinuxAIOHandler::poll (this=0x7f8123ff4dd0, m1=0x7f8123ff4e88, m2=0x7f8123ff4e80, request=0x7f8123ff4e50) at /export/home/pb2/build/sb_0-27500212-1520171728.22/mysql-5.7.22/storage/innobase/os/os0file.cc:2648
#3  0x0000000000ff620c in os_aio_linux_handler (request=0x7f8123ff4e50, m2=0x7f8123ff4e80, m1=0x7f8123ff4e88, global_segment=0) at /export/home/pb2/build/sb_0-27500212-1520171728.22/mysql-5.7.22/storage/innobase/os/os0file.cc:2704
#4  os_aio_handler (segment=0, m1=0x7f8123ff4e88, m2=0x7f8123ff4e80, request=0x7f8123ff4e50) at /export/home/pb2/build/sb_0-27500212-1520171728.22/mysql-5.7.22/storage/innobase/os/os0file.cc:6261
#5  0x000000000118a7cd in fil_aio_wait (segment=0) at /export/home/pb2/build/sb_0-27500212-1520171728.22/mysql-5.7.22/storage/innobase/fil/fil0fil.cc:5835
#6  0x0000000001097640 in io_handler_thread (arg=<optimized out>) at /export/home/pb2/build/sb_0-27500212-1520171728.22/mysql-5.7.22/storage/innobase/srv/srv0start.cc:311
#7  0x00007f82cd52fe25 in start_thread () from /lib64/libpthread.so.0
#8  0x00007f82cbfe8bad in clone () from /lib64/libc.so.6
Thread 44 (Thread 0x7f81237f4700 (LWP 2852)):
#0  0x00007f82cd326644 in __io_getevents_0_4 () from /lib64/libaio.so.1
#1  0x0000000000ff30c4 in LinuxAIOHandler::collect (this=0x7f81237f3dd0) at /export/home/pb2/build/sb_0-27500212-1520171728.22/mysql-5.7.22/storage/innobase/os/os0file.cc:2502
#2  0x0000000000ff47e4 in LinuxAIOHandler::poll (this=0x7f81237f3dd0, m1=0x7f81237f3e88, m2=0x7f81237f3e80, request=0x7f81237f3e50) at /export/home/pb2/build/sb_0-27500212-1520171728.22/mysql-5.7.22/storage/innobase/os/os0file.cc:2648
#3  0x0000000000ff620c in os_aio_linux_handler (request=0x7f81237f3e50, m2=0x7f81237f3e80, m1=0x7f81237f3e88, global_segment=1) at /export/home/pb2/build/sb_0-27500212-1520171728.22/mysql-5.7.22/storage/innobase/os/os0file.cc:2704
#4  os_aio_handler (segment=1, m1=0x7f81237f3e88, m2=0x7f81237f3e80, request=0x7f81237f3e50) at /export/home/pb2/build/sb_0-27500212-1520171728.22/mysql-5.7.22/storage/innobase/os/os0file.cc:6261
#5  0x000000000118a7cd in fil_aio_wait (segment=1) at /export/home/pb2/build/sb_0-27500212-1520171728.22/mysql-5.7.22/storage/innobase/fil/fil0fil.cc:5835
#6  0x0000000001097640 in io_handler_thread (arg=<optimized out>) at /export/home/pb2/build/sb_0-27500212-1520171728.22/mysql-5.7.22/storage/innobase/srv/srv0start.cc:311
#7  0x00007f82cd52fe25 in start_thread () from /lib64/libpthread.so.0
#8  0x00007f82cbfe8bad in clone () from /lib64/libc.so.6
Thread 43 (Thread 0x7f8122ff3700 (LWP 2853)):
#0  0x00007f82cd326644 in __io_getevents_0_4 () from /lib64/libaio.so.1
#1  0x0000000000ff30c4 in LinuxAIOHandler::collect (this=0x7f8122ff2dd0) at /export/home/pb2/build/sb_0-27500212-1520171728.22/mysql-5.7.22/storage/innobase/os/os0file.cc:2502
#2  0x0000000000ff47e4 in LinuxAIOHandler::poll (this=0x7f8122ff2dd0, m1=0x7f8122ff2e88, m2=0x7f8122ff2e80, request=0x7f8122ff2e50) at /export/home/pb2/build/sb_0-27500212-1520171728.22/mysql-5.7.22/storage/innobase/os/os0file.cc:2648
#3  0x0000000000ff620c in os_aio_linux_handler (request=0x7f8122ff2e50, m2=0x7f8122ff2e80, m1=0x7f8122ff2e88, global_segment=2) at /export/home/pb2/build/sb_0-27500212-1520171728.22/mysql-5.7.22/storage/innobase/os/os0file.cc:2704
#4  os_aio_handler (segment=2, m1=0x7f8122ff2e88, m2=0x7f8122ff2e80, request=0x7f8122ff2e50) at /export/home/pb2/build/sb_0-27500212-1520171728.22/mysql-5.7.22/storage/innobase/os/os0file.cc:6261
#5  0x000000000118a7cd in fil_aio_wait (segment=2) at /export/home/pb2/build/sb_0-27500212-1520171728.22/mysql-5.7.22/storage/innobase/fil/fil0fil.cc:5835
#6  0x0000000001097640 in io_handler_thread (arg=<optimized out>) at /export/home/pb2/build/sb_0-27500212-1520171728.22/mysql-5.7.22/storage/innobase/srv/srv0start.cc:311
#7  0x00007f82cd52fe25 in start_thread () from /lib64/libpthread.so.0
#8  0x00007f82cbfe8bad in clone () from /lib64/libc.so.6
Thread 42 (Thread 0x7f81227f2700 (LWP 2854)):
#0  0x00007f82cd326644 in __io_getevents_0_4 () from /lib64/libaio.so.1
#1  0x0000000000ff30c4 in LinuxAIOHandler::collect (this=0x7f81227f1dd0) at /export/home/pb2/build/sb_0-27500212-1520171728.22/mysql-5.7.22/storage/innobase/os/os0file.cc:2502
#2  0x0000000000ff47e4 in LinuxAIOHandler::poll (this=0x7f81227f1dd0, m1=0x7f81227f1e88, m2=0x7f81227f1e80, request=0x7f81227f1e50) at /export/home/pb2/build/sb_0-27500212-1520171728.22/mysql-5.7.22/storage/innobase/os/os0file.cc:2648
#3  0x0000000000ff620c in os_aio_linux_handler (request=0x7f81227f1e50, m2=0x7f81227f1e80, m1=0x7f81227f1e88, global_segment=3) at /export/home/pb2/build/sb_0-27500212-1520171728.22/mysql-5.7.22/storage/innobase/os/os0file.cc:2704
#4  os_aio_handler (segment=3, m1=0x7f81227f1e88, m2=0x7f81227f1e80, request=0x7f81227f1e50) at /export/home/pb2/build/sb_0-27500212-1520171728.22/mysql-5.7.22/storage/innobase/os/os0file.cc:6261
#5  0x000000000118a7cd in fil_aio_wait (segment=3) at /export/home/pb2/build/sb_0-27500212-1520171728.22/mysql-5.7.22/storage/innobase/fil/fil0fil.cc:5835
#6  0x0000000001097640 in io_handler_thread (arg=<optimized out>) at /export/home/pb2/build/sb_0-27500212-1520171728.22/mysql-5.7.22/storage/innobase/srv/srv0start.cc:311
#7  0x00007f82cd52fe25 in start_thread () from /lib64/libpthread.so.0
#8  0x00007f82cbfe8bad in clone () from /lib64/libc.so.6
Thread 41 (Thread 0x7f8121ff1700 (LWP 2855)):
#0  0x00007f82cd326644 in __io_getevents_0_4 () from /lib64/libaio.so.1
#1  0x0000000000ff30c4 in LinuxAIOHandler::collect (this=0x7f8121ff0dd0) at /export/home/pb2/build/sb_0-27500212-1520171728.22/mysql-5.7.22/storage/innobase/os/os0file.cc:2502
#2  0x0000000000ff47e4 in LinuxAIOHandler::poll (this=0x7f8121ff0dd0, m1=0x7f8121ff0e88, m2=0x7f8121ff0e80, request=0x7f8121ff0e50) at /export/home/pb2/build/sb_0-27500212-1520171728.22/mysql-5.7.22/storage/innobase/os/os0file.cc:2648
#3  0x0000000000ff620c in os_aio_linux_handler (request=0x7f8121ff0e50, m2=0x7f8121ff0e80, m1=0x7f8121ff0e88, global_segment=4) at /export/home/pb2/build/sb_0-27500212-1520171728.22/mysql-5.7.22/storage/innobase/os/os0file.cc:2704
#4  os_aio_handler (segment=4, m1=0x7f8121ff0e88, m2=0x7f8121ff0e80, request=0x7f8121ff0e50) at /export/home/pb2/build/sb_0-27500212-1520171728.22/mysql-5.7.22/storage/innobase/os/os0file.cc:6261
#5  0x000000000118a7cd in fil_aio_wait (segment=4) at /export/home/pb2/build/sb_0-27500212-1520171728.22/mysql-5.7.22/storage/innobase/fil/fil0fil.cc:5835
#6  0x0000000001097640 in io_handler_thread (arg=<optimized out>) at /export/home/pb2/build/sb_0-27500212-1520171728.22/mysql-5.7.22/storage/innobase/srv/srv0start.cc:311
#7  0x00007f82cd52fe25 in start_thread () from /lib64/libpthread.so.0
#8  0x00007f82cbfe8bad in clone () from /lib64/libc.so.6
Thread 40 (Thread 0x7f81217f0700 (LWP 2856)):
#0  0x00007f82cd326644 in __io_getevents_0_4 () from /lib64/libaio.so.1
#1  0x0000000000ff30c4 in LinuxAIOHandler::collect (this=0x7f81217efdd0) at /export/home/pb2/build/sb_0-27500212-1520171728.22/mysql-5.7.22/storage/innobase/os/os0file.cc:2502
#2  0x0000000000ff47e4 in LinuxAIOHandler::poll (this=0x7f81217efdd0, m1=0x7f81217efe88, m2=0x7f81217efe80, request=0x7f81217efe50) at /export/home/pb2/build/sb_0-27500212-1520171728.22/mysql-5.7.22/storage/innobase/os/os0file.cc:2648
#3  0x0000000000ff620c in os_aio_linux_handler (request=0x7f81217efe50, m2=0x7f81217efe80, m1=0x7f81217efe88, global_segment=5) at /export/home/pb2/build/sb_0-27500212-1520171728.22/mysql-5.7.22/storage/innobase/os/os0file.cc:2704
#4  os_aio_handler (segment=5, m1=0x7f81217efe88, m2=0x7f81217efe80, request=0x7f81217efe50) at /export/home/pb2/build/sb_0-27500212-1520171728.22/mysql-5.7.22/storage/innobase/os/os0file.cc:6261
#5  0x000000000118a7cd in fil_aio_wait (segment=5) at /export/home/pb2/build/sb_0-27500212-1520171728.22/mysql-5.7.22/storage/innobase/fil/fil0fil.cc:5835
#6  0x0000000001097640 in io_handler_thread (arg=<optimized out>) at /export/home/pb2/build/sb_0-27500212-1520171728.22/mysql-5.7.22/storage/innobase/srv/srv0start.cc:311
#7  0x00007f82cd52fe25 in start_thread () from /lib64/libpthread.so.0
#8  0x00007f82cbfe8bad in clone () from /lib64/libc.so.6
Thread 39 (Thread 0x7f8120fef700 (LWP 2857)):
#0  0x00007f82cd326644 in __io_getevents_0_4 () from /lib64/libaio.so.1
#1  0x0000000000ff30c4 in LinuxAIOHandler::collect (this=0x7f8120feedd0) at /export/home/pb2/build/sb_0-27500212-1520171728.22/mysql-5.7.22/storage/innobase/os/os0file.cc:2502
#2  0x0000000000ff47e4 in LinuxAIOHandler::poll (this=0x7f8120feedd0, m1=0x7f8120feee88, m2=0x7f8120feee80, request=0x7f8120feee50) at /export/home/pb2/build/sb_0-27500212-1520171728.22/mysql-5.7.22/storage/innobase/os/os0file.cc:2648
#3  0x0000000000ff620c in os_aio_linux_handler (request=0x7f8120feee50, m2=0x7f8120feee80, m1=0x7f8120feee88, global_segment=6) at /export/home/pb2/build/sb_0-27500212-1520171728.22/mysql-5.7.22/storage/innobase/os/os0file.cc:2704
#4  os_aio_handler (segment=6, m1=0x7f8120feee88, m2=0x7f8120feee80, request=0x7f8120feee50) at /export/home/pb2/build/sb_0-27500212-1520171728.22/mysql-5.7.22/storage/innobase/os/os0file.cc:6261
#5  0x000000000118a7cd in fil_aio_wait (segment=6) at /export/home/pb2/build/sb_0-27500212-1520171728.22/mysql-5.7.22/storage/innobase/fil/fil0fil.cc:5835
#6  0x0000000001097640 in io_handler_thread (arg=<optimized out>) at /export/home/pb2/build/sb_0-27500212-1520171728.22/mysql-5.7.22/storage/innobase/srv/srv0start.cc:311
#7  0x00007f82cd52fe25 in start_thread () from /lib64/libpthread.so.0
#8  0x00007f82cbfe8bad in clone () from /lib64/libc.so.6
Thread 38 (Thread 0x7f81207ee700 (LWP 2858)):
#0  0x00007f82cd326644 in __io_getevents_0_4 () from /lib64/libaio.so.1
#1  0x0000000000ff30c4 in LinuxAIOHandler::collect (this=0x7f81207eddd0) at /export/home/pb2/build/sb_0-27500212-1520171728.22/mysql-5.7.22/storage/innobase/os/os0file.cc:2502
#2  0x0000000000ff47e4 in LinuxAIOHandler::poll (this=0x7f81207eddd0, m1=0x7f81207ede88, m2=0x7f81207ede80, request=0x7f81207ede50) at /export/home/pb2/build/sb_0-27500212-1520171728.22/mysql-5.7.22/storage/innobase/os/os0file.cc:2648
#3  0x0000000000ff620c in os_aio_linux_handler (request=0x7f81207ede50, m2=0x7f81207ede80, m1=0x7f81207ede88, global_segment=7) at /export/home/pb2/build/sb_0-27500212-1520171728.22/mysql-5.7.22/storage/innobase/os/os0file.cc:2704
#4  os_aio_handler (segment=7, m1=0x7f81207ede88, m2=0x7f81207ede80, request=0x7f81207ede50) at /export/home/pb2/build/sb_0-27500212-1520171728.22/mysql-5.7.22/storage/innobase/os/os0file.cc:6261
#5  0x000000000118a7cd in fil_aio_wait (segment=7) at /export/home/pb2/build/sb_0-27500212-1520171728.22/mysql-5.7.22/storage/innobase/fil/fil0fil.cc:5835
#6  0x0000000001097640 in io_handler_thread (arg=<optimized out>) at /export/home/pb2/build/sb_0-27500212-1520171728.22/mysql-5.7.22/storage/innobase/srv/srv0start.cc:311
#7  0x00007f82cd52fe25 in start_thread () from /lib64/libpthread.so.0
#8  0x00007f82cbfe8bad in clone () from /lib64/libc.so.6
Thread 37 (Thread 0x7f811ffed700 (LWP 2859)):
#0  0x00007f82cd326644 in __io_getevents_0_4 () from /lib64/libaio.so.1
#1  0x0000000000ff30c4 in LinuxAIOHandler::collect (this=0x7f811ffecdd0) at /export/home/pb2/build/sb_0-27500212-1520171728.22/mysql-5.7.22/storage/innobase/os/os0file.cc:2502
#2  0x0000000000ff47e4 in LinuxAIOHandler::poll (this=0x7f811ffecdd0, m1=0x7f811ffece88, m2=0x7f811ffece80, request=0x7f811ffece50) at /export/home/pb2/build/sb_0-27500212-1520171728.22/mysql-5.7.22/storage/innobase/os/os0file.cc:2648
#3  0x0000000000ff620c in os_aio_linux_handler (request=0x7f811ffece50, m2=0x7f811ffece80, m1=0x7f811ffece88, global_segment=8) at /export/home/pb2/build/sb_0-27500212-1520171728.22/mysql-5.7.22/storage/innobase/os/os0file.cc:2704
#4  os_aio_handler (segment=8, m1=0x7f811ffece88, m2=0x7f811ffece80, request=0x7f811ffece50) at /export/home/pb2/build/sb_0-27500212-1520171728.22/mysql-5.7.22/storage/innobase/os/os0file.cc:6261
#5  0x000000000118a7cd in fil_aio_wait (segment=8) at /export/home/pb2/build/sb_0-27500212-1520171728.22/mysql-5.7.22/storage/innobase/fil/fil0fil.cc:5835
#6  0x0000000001097640 in io_handler_thread (arg=<optimized out>) at /export/home/pb2/build/sb_0-27500212-1520171728.22/mysql-5.7.22/storage/innobase/srv/srv0start.cc:311
#7  0x00007f82cd52fe25 in start_thread () from /lib64/libpthread.so.0
#8  0x00007f82cbfe8bad in clone () from /lib64/libc.so.6
Thread 36 (Thread 0x7f811f7ec700 (LWP 2860)):
#0  0x00007f82cd326644 in __io_getevents_0_4 () from /lib64/libaio.so.1
#1  0x0000000000ff30c4 in LinuxAIOHandler::collect (this=0x7f811f7ebdd0) at /export/home/pb2/build/sb_0-27500212-1520171728.22/mysql-5.7.22/storage/innobase/os/os0file.cc:2502
#2  0x0000000000ff47e4 in LinuxAIOHandler::poll (this=0x7f811f7ebdd0, m1=0x7f811f7ebe88, m2=0x7f811f7ebe80, request=0x7f811f7ebe50) at /export/home/pb2/build/sb_0-27500212-1520171728.22/mysql-5.7.22/storage/innobase/os/os0file.cc:2648
#3  0x0000000000ff620c in os_aio_linux_handler (request=0x7f811f7ebe50, m2=0x7f811f7ebe80, m1=0x7f811f7ebe88, global_segment=9) at /export/home/pb2/build/sb_0-27500212-1520171728.22/mysql-5.7.22/storage/innobase/os/os0file.cc:2704
#4  os_aio_handler (segment=9, m1=0x7f811f7ebe88, m2=0x7f811f7ebe80, request=0x7f811f7ebe50) at /export/home/pb2/build/sb_0-27500212-1520171728.22/mysql-5.7.22/storage/innobase/os/os0file.cc:6261
#5  0x000000000118a7cd in fil_aio_wait (segment=9) at /export/home/pb2/build/sb_0-27500212-1520171728.22/mysql-5.7.22/storage/innobase/fil/fil0fil.cc:5835
#6  0x0000000001097640 in io_handler_thread (arg=<optimized out>) at /export/home/pb2/build/sb_0-27500212-1520171728.22/mysql-5.7.22/storage/innobase/srv/srv0start.cc:311
#7  0x00007f82cd52fe25 in start_thread () from /lib64/libpthread.so.0
#8  0x00007f82cbfe8bad in clone () from /lib64/libc.so.6
Thread 35 (Thread 0x7f811efeb700 (LWP 2861)):
#0  0x00007f82cd326644 in __io_getevents_0_4 () from /lib64/libaio.so.1
#1  0x0000000000ff30c4 in LinuxAIOHandler::collect (this=0x7f811efeadd0) at /export/home/pb2/build/sb_0-27500212-1520171728.22/mysql-5.7.22/storage/innobase/os/os0file.cc:2502
#2  0x0000000000ff47e4 in LinuxAIOHandler::poll (this=0x7f811efeadd0, m1=0x7f811efeae88, m2=0x7f811efeae80, request=0x7f811efeae50) at /export/home/pb2/build/sb_0-27500212-1520171728.22/mysql-5.7.22/storage/innobase/os/os0file.cc:2648
#3  0x0000000000ff620c in os_aio_linux_handler (request=0x7f811efeae50, m2=0x7f811efeae80, m1=0x7f811efeae88, global_segment=10) at /export/home/pb2/build/sb_0-27500212-1520171728.22/mysql-5.7.22/storage/innobase/os/os0file.cc:2704
#4  os_aio_handler (segment=10, m1=0x7f811efeae88, m2=0x7f811efeae80, request=0x7f811efeae50) at /export/home/pb2/build/sb_0-27500212-1520171728.22/mysql-5.7.22/storage/innobase/os/os0file.cc:6261
#5  0x000000000118a7cd in fil_aio_wait (segment=10) at /export/home/pb2/build/sb_0-27500212-1520171728.22/mysql-5.7.22/storage/innobase/fil/fil0fil.cc:5835
#6  0x0000000001097640 in io_handler_thread (arg=<optimized out>) at /export/home/pb2/build/sb_0-27500212-1520171728.22/mysql-5.7.22/storage/innobase/srv/srv0start.cc:311
#7  0x00007f82cd52fe25 in start_thread () from /lib64/libpthread.so.0
#8  0x00007f82cbfe8bad in clone () from /lib64/libc.so.6
Thread 34 (Thread 0x7f811e7ea700 (LWP 2862)):
#0  0x00007f82cd326644 in __io_getevents_0_4 () from /lib64/libaio.so.1
#1  0x0000000000ff30c4 in LinuxAIOHandler::collect (this=0x7f811e7e9dd0) at /export/home/pb2/build/sb_0-27500212-1520171728.22/mysql-5.7.22/storage/innobase/os/os0file.cc:2502
#2  0x0000000000ff47e4 in LinuxAIOHandler::poll (this=0x7f811e7e9dd0, m1=0x7f811e7e9e88, m2=0x7f811e7e9e80, request=0x7f811e7e9e50) at /export/home/pb2/build/sb_0-27500212-1520171728.22/mysql-5.7.22/storage/innobase/os/os0file.cc:2648
#3  0x0000000000ff620c in os_aio_linux_handler (request=0x7f811e7e9e50, m2=0x7f811e7e9e80, m1=0x7f811e7e9e88, global_segment=11) at /export/home/pb2/build/sb_0-27500212-1520171728.22/mysql-5.7.22/storage/innobase/os/os0file.cc:2704
#4  os_aio_handler (segment=11, m1=0x7f811e7e9e88, m2=0x7f811e7e9e80, request=0x7f811e7e9e50) at /export/home/pb2/build/sb_0-27500212-1520171728.22/mysql-5.7.22/storage/innobase/os/os0file.cc:6261
#5  0x000000000118a7cd in fil_aio_wait (segment=11) at /export/home/pb2/build/sb_0-27500212-1520171728.22/mysql-5.7.22/storage/innobase/fil/fil0fil.cc:5835
#6  0x0000000001097640 in io_handler_thread (arg=<optimized out>) at /export/home/pb2/build/sb_0-27500212-1520171728.22/mysql-5.7.22/storage/innobase/srv/srv0start.cc:311
#7  0x00007f82cd52fe25 in start_thread () from /lib64/libpthread.so.0
#8  0x00007f82cbfe8bad in clone () from /lib64/libc.so.6
Thread 33 (Thread 0x7f811dfe9700 (LWP 2863)):
#0  0x00007f82cd326644 in __io_getevents_0_4 () from /lib64/libaio.so.1
#1  0x0000000000ff30c4 in LinuxAIOHandler::collect (this=0x7f811dfe8dd0) at /export/home/pb2/build/sb_0-27500212-1520171728.22/mysql-5.7.22/storage/innobase/os/os0file.cc:2502
#2  0x0000000000ff47e4 in LinuxAIOHandler::poll (this=0x7f811dfe8dd0, m1=0x7f811dfe8e88, m2=0x7f811dfe8e80, request=0x7f811dfe8e50) at /export/home/pb2/build/sb_0-27500212-1520171728.22/mysql-5.7.22/storage/innobase/os/os0file.cc:2648
#3  0x0000000000ff620c in os_aio_linux_handler (request=0x7f811dfe8e50, m2=0x7f811dfe8e80, m1=0x7f811dfe8e88, global_segment=12) at /export/home/pb2/build/sb_0-27500212-1520171728.22/mysql-5.7.22/storage/innobase/os/os0file.cc:2704
#4  os_aio_handler (segment=12, m1=0x7f811dfe8e88, m2=0x7f811dfe8e80, request=0x7f811dfe8e50) at /export/home/pb2/build/sb_0-27500212-1520171728.22/mysql-5.7.22/storage/innobase/os/os0file.cc:6261
#5  0x000000000118a7cd in fil_aio_wait (segment=12) at /export/home/pb2/build/sb_0-27500212-1520171728.22/mysql-5.7.22/storage/innobase/fil/fil0fil.cc:5835
#6  0x0000000001097640 in io_handler_thread (arg=<optimized out>) at /export/home/pb2/build/sb_0-27500212-1520171728.22/mysql-5.7.22/storage/innobase/srv/srv0start.cc:311
#7  0x00007f82cd52fe25 in start_thread () from /lib64/libpthread.so.0
#8  0x00007f82cbfe8bad in clone () from /lib64/libc.so.6
Thread 32 (Thread 0x7f811d7e8700 (LWP 2864)):
#0  0x00007f82cd326644 in __io_getevents_0_4 () from /lib64/libaio.so.1
#1  0x0000000000ff30c4 in LinuxAIOHandler::collect (this=0x7f811d7e7dd0) at /export/home/pb2/build/sb_0-27500212-1520171728.22/mysql-5.7.22/storage/innobase/os/os0file.cc:2502
#2  0x0000000000ff47e4 in LinuxAIOHandler::poll (this=0x7f811d7e7dd0, m1=0x7f811d7e7e88, m2=0x7f811d7e7e80, request=0x7f811d7e7e50) at /export/home/pb2/build/sb_0-27500212-1520171728.22/mysql-5.7.22/storage/innobase/os/os0file.cc:2648
#3  0x0000000000ff620c in os_aio_linux_handler (request=0x7f811d7e7e50, m2=0x7f811d7e7e80, m1=0x7f811d7e7e88, global_segment=13) at /export/home/pb2/build/sb_0-27500212-1520171728.22/mysql-5.7.22/storage/innobase/os/os0file.cc:2704
#4  os_aio_handler (segment=13, m1=0x7f811d7e7e88, m2=0x7f811d7e7e80, request=0x7f811d7e7e50) at /export/home/pb2/build/sb_0-27500212-1520171728.22/mysql-5.7.22/storage/innobase/os/os0file.cc:6261
#5  0x000000000118a7cd in fil_aio_wait (segment=13) at /export/home/pb2/build/sb_0-27500212-1520171728.22/mysql-5.7.22/storage/innobase/fil/fil0fil.cc:5835
#6  0x0000000001097640 in io_handler_thread (arg=<optimized out>) at /export/home/pb2/build/sb_0-27500212-1520171728.22/mysql-5.7.22/storage/innobase/srv/srv0start.cc:311
#7  0x00007f82cd52fe25 in start_thread () from /lib64/libpthread.so.0
#8  0x00007f82cbfe8bad in clone () from /lib64/libc.so.6
Thread 31 (Thread 0x7f811cfe7700 (LWP 2865)):
#0  0x00007f82cd326644 in __io_getevents_0_4 () from /lib64/libaio.so.1
#1  0x0000000000ff30c4 in LinuxAIOHandler::collect (this=0x7f811cfe6dd0) at /export/home/pb2/build/sb_0-27500212-1520171728.22/mysql-5.7.22/storage/innobase/os/os0file.cc:2502
#2  0x0000000000ff47e4 in LinuxAIOHandler::poll (this=0x7f811cfe6dd0, m1=0x7f811cfe6e88, m2=0x7f811cfe6e80, request=0x7f811cfe6e50) at /export/home/pb2/build/sb_0-27500212-1520171728.22/mysql-5.7.22/storage/innobase/os/os0file.cc:2648
#3  0x0000000000ff620c in os_aio_linux_handler (request=0x7f811cfe6e50, m2=0x7f811cfe6e80, m1=0x7f811cfe6e88, global_segment=14) at /export/home/pb2/build/sb_0-27500212-1520171728.22/mysql-5.7.22/storage/innobase/os/os0file.cc:2704
#4  os_aio_handler (segment=14, m1=0x7f811cfe6e88, m2=0x7f811cfe6e80, request=0x7f811cfe6e50) at /export/home/pb2/build/sb_0-27500212-1520171728.22/mysql-5.7.22/storage/innobase/os/os0file.cc:6261
#5  0x000000000118a7cd in fil_aio_wait (segment=14) at /export/home/pb2/build/sb_0-27500212-1520171728.22/mysql-5.7.22/storage/innobase/fil/fil0fil.cc:5835
#6  0x0000000001097640 in io_handler_thread (arg=<optimized out>) at /export/home/pb2/build/sb_0-27500212-1520171728.22/mysql-5.7.22/storage/innobase/srv/srv0start.cc:311
#7  0x00007f82cd52fe25 in start_thread () from /lib64/libpthread.so.0
#8  0x00007f82cbfe8bad in clone () from /lib64/libc.so.6
Thread 30 (Thread 0x7f811c7e6700 (LWP 2866)):
#0  0x00007f82cd326644 in __io_getevents_0_4 () from /lib64/libaio.so.1
#1  0x0000000000ff30c4 in LinuxAIOHandler::collect (this=0x7f811c7e5dd0) at /export/home/pb2/build/sb_0-27500212-1520171728.22/mysql-5.7.22/storage/innobase/os/os0file.cc:2502
#2  0x0000000000ff47e4 in LinuxAIOHandler::poll (this=0x7f811c7e5dd0, m1=0x7f811c7e5e88, m2=0x7f811c7e5e80, request=0x7f811c7e5e50) at /export/home/pb2/build/sb_0-27500212-1520171728.22/mysql-5.7.22/storage/innobase/os/os0file.cc:2648
#3  0x0000000000ff620c in os_aio_linux_handler (request=0x7f811c7e5e50, m2=0x7f811c7e5e80, m1=0x7f811c7e5e88, global_segment=15) at /export/home/pb2/build/sb_0-27500212-1520171728.22/mysql-5.7.22/storage/innobase/os/os0file.cc:2704
#4  os_aio_handler (segment=15, m1=0x7f811c7e5e88, m2=0x7f811c7e5e80, request=0x7f811c7e5e50) at /export/home/pb2/build/sb_0-27500212-1520171728.22/mysql-5.7.22/storage/innobase/os/os0file.cc:6261
#5  0x000000000118a7cd in fil_aio_wait (segment=15) at /export/home/pb2/build/sb_0-27500212-1520171728.22/mysql-5.7.22/storage/innobase/fil/fil0fil.cc:5835
#6  0x0000000001097640 in io_handler_thread (arg=<optimized out>) at /export/home/pb2/build/sb_0-27500212-1520171728.22/mysql-5.7.22/storage/innobase/srv/srv0start.cc:311
#7  0x00007f82cd52fe25 in start_thread () from /lib64/libpthread.so.0
#8  0x00007f82cbfe8bad in clone () from /lib64/libc.so.6
Thread 29 (Thread 0x7f811bfe5700 (LWP 2867)):
#0  0x00007f82cd326644 in __io_getevents_0_4 () from /lib64/libaio.so.1
#1  0x0000000000ff30c4 in LinuxAIOHandler::collect (this=0x7f811bfe4dd0) at /export/home/pb2/build/sb_0-27500212-1520171728.22/mysql-5.7.22/storage/innobase/os/os0file.cc:2502
#2  0x0000000000ff47e4 in LinuxAIOHandler::poll (this=0x7f811bfe4dd0, m1=0x7f811bfe4e88, m2=0x7f811bfe4e80, request=0x7f811bfe4e50) at /export/home/pb2/build/sb_0-27500212-1520171728.22/mysql-5.7.22/storage/innobase/os/os0file.cc:2648
#3  0x0000000000ff620c in os_aio_linux_handler (request=0x7f811bfe4e50, m2=0x7f811bfe4e80, m1=0x7f811bfe4e88, global_segment=16) at /export/home/pb2/build/sb_0-27500212-1520171728.22/mysql-5.7.22/storage/innobase/os/os0file.cc:2704
#4  os_aio_handler (segment=16, m1=0x7f811bfe4e88, m2=0x7f811bfe4e80, request=0x7f811bfe4e50) at /export/home/pb2/build/sb_0-27500212-1520171728.22/mysql-5.7.22/storage/innobase/os/os0file.cc:6261
#5  0x000000000118a7cd in fil_aio_wait (segment=16) at /export/home/pb2/build/sb_0-27500212-1520171728.22/mysql-5.7.22/storage/innobase/fil/fil0fil.cc:5835
#6  0x0000000001097640 in io_handler_thread (arg=<optimized out>) at /export/home/pb2/build/sb_0-27500212-1520171728.22/mysql-5.7.22/storage/innobase/srv/srv0start.cc:311
#7  0x00007f82cd52fe25 in start_thread () from /lib64/libpthread.so.0
#8  0x00007f82cbfe8bad in clone () from /lib64/libc.so.6
Thread 28 (Thread 0x7f811b7e4700 (LWP 2868)):
#0  0x00007f82cd326644 in __io_getevents_0_4 () from /lib64/libaio.so.1
#1  0x0000000000ff30c4 in LinuxAIOHandler::collect (this=0x7f811b7e3dd0) at /export/home/pb2/build/sb_0-27500212-1520171728.22/mysql-5.7.22/storage/innobase/os/os0file.cc:2502
#2  0x0000000000ff47e4 in LinuxAIOHandler::poll (this=0x7f811b7e3dd0, m1=0x7f811b7e3e88, m2=0x7f811b7e3e80, request=0x7f811b7e3e50) at /export/home/pb2/build/sb_0-27500212-1520171728.22/mysql-5.7.22/storage/innobase/os/os0file.cc:2648
#3  0x0000000000ff620c in os_aio_linux_handler (request=0x7f811b7e3e50, m2=0x7f811b7e3e80, m1=0x7f811b7e3e88, global_segment=17) at /export/home/pb2/build/sb_0-27500212-1520171728.22/mysql-5.7.22/storage/innobase/os/os0file.cc:2704
#4  os_aio_handler (segment=17, m1=0x7f811b7e3e88, m2=0x7f811b7e3e80, request=0x7f811b7e3e50) at /export/home/pb2/build/sb_0-27500212-1520171728.22/mysql-5.7.22/storage/innobase/os/os0file.cc:6261
#5  0x000000000118a7cd in fil_aio_wait (segment=17) at /export/home/pb2/build/sb_0-27500212-1520171728.22/mysql-5.7.22/storage/innobase/fil/fil0fil.cc:5835
#6  0x0000000001097640 in io_handler_thread (arg=<optimized out>) at /export/home/pb2/build/sb_0-27500212-1520171728.22/mysql-5.7.22/storage/innobase/srv/srv0start.cc:311
#7  0x00007f82cd52fe25 in start_thread () from /lib64/libpthread.so.0
#8  0x00007f82cbfe8bad in clone () from /lib64/libc.so.6
Thread 27 (Thread 0x7f811afe3700 (LWP 2869)):
#0  0x00007f82cd533d42 in pthread_cond_timedwait@@GLIBC_2.3.2 () from /lib64/libpthread.so.0
#1  0x0000000000ffb1ee in os_event::timed_wait (this=<optimized out>, abstime=0x7f811afe29a0) at /export/home/pb2/build/sb_0-27500212-1520171728.22/mysql-5.7.22/storage/innobase/os/os0event.cc:285
#2  0x0000000000ffb50e in os_event::wait_time_low (this=0x3c610a8, time_in_usec=<optimized out>, reset_sig_count=2) at /export/home/pb2/build/sb_0-27500212-1520171728.22/mysql-5.7.22/storage/innobase/os/os0event.cc:412
#3  0x0000000001139d13 in pc_sleep_if_needed (sig_count=2, next_loop_time=1580875430007) at /export/home/pb2/build/sb_0-27500212-1520171728.22/mysql-5.7.22/storage/innobase/buf/buf0flu.cc:2690
#4  buf_flush_page_cleaner_coordinator (arg=<optimized out>) at /export/home/pb2/build/sb_0-27500212-1520171728.22/mysql-5.7.22/storage/innobase/buf/buf0flu.cc:3191
#5  0x00007f82cd52fe25 in start_thread () from /lib64/libpthread.so.0
#6  0x00007f82cbfe8bad in clone () from /lib64/libc.so.6
Thread 26 (Thread 0x7f811a7e2700 (LWP 2870)):
#0  0x00007f82cd533995 in pthread_cond_wait@@GLIBC_2.3.2 () from /lib64/libpthread.so.0
#1  0x0000000000ffb03b in wait (this=0xe1bcd58) at /export/home/pb2/build/sb_0-27500212-1520171728.22/mysql-5.7.22/storage/innobase/os/os0event.cc:165
#2  os_event::wait_low (this=0xe1bcd58, reset_sig_count=18) at /export/home/pb2/build/sb_0-27500212-1520171728.22/mysql-5.7.22/storage/innobase/os/os0event.cc:335
#3  0x000000000113b5c7 in buf_flush_page_cleaner_worker (arg=<optimized out>) at /export/home/pb2/build/sb_0-27500212-1520171728.22/mysql-5.7.22/storage/innobase/buf/buf0flu.cc:3496
#4  0x00007f82cd52fe25 in start_thread () from /lib64/libpthread.so.0
#5  0x00007f82cbfe8bad in clone () from /lib64/libc.so.6
Thread 25 (Thread 0x7f8119fe1700 (LWP 2871)):
#0  0x00007f82cd533995 in pthread_cond_wait@@GLIBC_2.3.2 () from /lib64/libpthread.so.0
#1  0x0000000000ffb03b in wait (this=0xe1bcd58) at /export/home/pb2/build/sb_0-27500212-1520171728.22/mysql-5.7.22/storage/innobase/os/os0event.cc:165
#2  os_event::wait_low (this=0xe1bcd58, reset_sig_count=18) at /export/home/pb2/build/sb_0-27500212-1520171728.22/mysql-5.7.22/storage/innobase/os/os0event.cc:335
#3  0x000000000113b5c7 in buf_flush_page_cleaner_worker (arg=<optimized out>) at /export/home/pb2/build/sb_0-27500212-1520171728.22/mysql-5.7.22/storage/innobase/buf/buf0flu.cc:3496
#4  0x00007f82cd52fe25 in start_thread () from /lib64/libpthread.so.0
#5  0x00007f82cbfe8bad in clone () from /lib64/libc.so.6
Thread 24 (Thread 0x7f81197e0700 (LWP 2872)):
#0  0x00007f82cd533995 in pthread_cond_wait@@GLIBC_2.3.2 () from /lib64/libpthread.so.0
#1  0x0000000000ffb03b in wait (this=0xe1bcd58) at /export/home/pb2/build/sb_0-27500212-1520171728.22/mysql-5.7.22/storage/innobase/os/os0event.cc:165
#2  os_event::wait_low (this=0xe1bcd58, reset_sig_count=18) at /export/home/pb2/build/sb_0-27500212-1520171728.22/mysql-5.7.22/storage/innobase/os/os0event.cc:335
#3  0x000000000113b5c7 in buf_flush_page_cleaner_worker (arg=<optimized out>) at /export/home/pb2/build/sb_0-27500212-1520171728.22/mysql-5.7.22/storage/innobase/buf/buf0flu.cc:3496
#4  0x00007f82cd52fe25 in start_thread () from /lib64/libpthread.so.0
#5  0x00007f82cbfe8bad in clone () from /lib64/libc.so.6
Thread 23 (Thread 0x7f8118db9700 (LWP 2881)):
#0  0x00007f82cd533d42 in pthread_cond_timedwait@@GLIBC_2.3.2 () from /lib64/libpthread.so.0
#1  0x0000000000ffb1ee in os_event::timed_wait (this=<optimized out>, abstime=0x7f8118db8db0) at /export/home/pb2/build/sb_0-27500212-1520171728.22/mysql-5.7.22/storage/innobase/os/os0event.cc:285
#2  0x0000000000ffb50e in os_event::wait_time_low (this=0xe1b9c58, time_in_usec=<optimized out>, reset_sig_count=1) at /export/home/pb2/build/sb_0-27500212-1520171728.22/mysql-5.7.22/storage/innobase/os/os0event.cc:412
#3  0x0000000000fd2494 in lock_wait_timeout_thread (arg=<optimized out>) at /export/home/pb2/build/sb_0-27500212-1520171728.22/mysql-5.7.22/storage/innobase/lock/lock0wait.cc:501
#4  0x00007f82cd52fe25 in start_thread () from /lib64/libpthread.so.0
#5  0x00007f82cbfe8bad in clone () from /lib64/libc.so.6
Thread 22 (Thread 0x7f812d134700 (LWP 2882)):
#0  0x00007f82cd533d42 in pthread_cond_timedwait@@GLIBC_2.3.2 () from /lib64/libpthread.so.0
#1  0x0000000000ffb1ee in os_event::timed_wait (this=<optimized out>, abstime=0x7f812d133ac0) at /export/home/pb2/build/sb_0-27500212-1520171728.22/mysql-5.7.22/storage/innobase/os/os0event.cc:285
#2  0x0000000000ffb50e in os_event::wait_time_low (this=0x3c60ef8, time_in_usec=<optimized out>, reset_sig_count=1) at /export/home/pb2/build/sb_0-27500212-1520171728.22/mysql-5.7.22/storage/innobase/os/os0event.cc:412
#3  0x0000000001095505 in srv_error_monitor_thread (arg=<optimized out>) at /export/home/pb2/build/sb_0-27500212-1520171728.22/mysql-5.7.22/storage/innobase/srv/srv0srv.cc:1751
#4  0x00007f82cd52fe25 in start_thread () from /lib64/libpthread.so.0
#5  0x00007f82cbfe8bad in clone () from /lib64/libc.so.6
Thread 21 (Thread 0x7f812c933700 (LWP 2883)):
#0  0x00007f82cd533d42 in pthread_cond_timedwait@@GLIBC_2.3.2 () from /lib64/libpthread.so.0
#1  0x0000000000ffb1ee in os_event::timed_wait (this=<optimized out>, abstime=0x7f812c932e30) at /export/home/pb2/build/sb_0-27500212-1520171728.22/mysql-5.7.22/storage/innobase/os/os0event.cc:285
#2  0x0000000000ffb50e in os_event::wait_time_low (this=0x3c60f88, time_in_usec=<optimized out>, reset_sig_count=1) at /export/home/pb2/build/sb_0-27500212-1520171728.22/mysql-5.7.22/storage/innobase/os/os0event.cc:412
#3  0x0000000001094595 in srv_monitor_thread (arg=<optimized out>) at /export/home/pb2/build/sb_0-27500212-1520171728.22/mysql-5.7.22/storage/innobase/srv/srv0srv.cc:1585
#4  0x00007f82cd52fe25 in start_thread () from /lib64/libpthread.so.0
#5  0x00007f82cbfe8bad in clone () from /lib64/libc.so.6
Thread 20 (Thread 0x7f812c132700 (LWP 2884)):
#0  0x00007f82cd536f3d in nanosleep () from /lib64/libpthread.so.0
#1  0x0000000000ffb7a0 in os_thread_sleep (tm=<optimized out>) at /export/home/pb2/build/sb_0-27500212-1520171728.22/mysql-5.7.22/storage/innobase/os/os0thread.cc:279
#2  0x0000000001094bbb in srv_master_sleep () at /export/home/pb2/build/sb_0-27500212-1520171728.22/mysql-5.7.22/storage/innobase/srv/srv0srv.cc:2330
#3  srv_master_thread (arg=<optimized out>) at /export/home/pb2/build/sb_0-27500212-1520171728.22/mysql-5.7.22/storage/innobase/srv/srv0srv.cc:2377
#4  0x00007f82cd52fe25 in start_thread () from /lib64/libpthread.so.0
#5  0x00007f82cbfe8bad in clone () from /lib64/libc.so.6
Thread 19 (Thread 0x7f812b931700 (LWP 2885)):
#0  0x00007f82cd533995 in pthread_cond_wait@@GLIBC_2.3.2 () from /lib64/libpthread.so.0
#1  0x0000000000ffb03b in wait (this=0x3c60cb8) at /export/home/pb2/build/sb_0-27500212-1520171728.22/mysql-5.7.22/storage/innobase/os/os0event.cc:165
#2  os_event::wait_low (this=0x3c60cb8, reset_sig_count=2) at /export/home/pb2/build/sb_0-27500212-1520171728.22/mysql-5.7.22/storage/innobase/os/os0event.cc:335
#3  0x000000000109659d in srv_purge_coordinator_suspend (rseg_history_len=17, slot=<optimized out>) at /export/home/pb2/build/sb_0-27500212-1520171728.22/mysql-5.7.22/storage/innobase/srv/srv0srv.cc:2676
#4  srv_purge_coordinator_thread (arg=<optimized out>) at /export/home/pb2/build/sb_0-27500212-1520171728.22/mysql-5.7.22/storage/innobase/srv/srv0srv.cc:2792
#5  0x00007f82cd52fe25 in start_thread () from /lib64/libpthread.so.0
#6  0x00007f82cbfe8bad in clone () from /lib64/libc.so.6
Thread 18 (Thread 0x7f812b130700 (LWP 2886)):
#0  0x00007f82cd533995 in pthread_cond_wait@@GLIBC_2.3.2 () from /lib64/libpthread.so.0
#1  0x0000000000ffb03b in wait (this=0x3c60d48) at /export/home/pb2/build/sb_0-27500212-1520171728.22/mysql-5.7.22/storage/innobase/os/os0event.cc:165
#2  os_event::wait_low (this=0x3c60d48, reset_sig_count=8) at /export/home/pb2/build/sb_0-27500212-1520171728.22/mysql-5.7.22/storage/innobase/os/os0event.cc:335
#3  0x0000000001093e8e in srv_worker_thread (arg=<optimized out>) at /export/home/pb2/build/sb_0-27500212-1520171728.22/mysql-5.7.22/storage/innobase/srv/srv0srv.cc:2520
#4  0x00007f82cd52fe25 in start_thread () from /lib64/libpthread.so.0
#5  0x00007f82cbfe8bad in clone () from /lib64/libc.so.6
Thread 17 (Thread 0x7f812a92f700 (LWP 2887)):
#0  0x00007f82cd533995 in pthread_cond_wait@@GLIBC_2.3.2 () from /lib64/libpthread.so.0
#1  0x0000000000ffb03b in wait (this=0x3c60dd8) at /export/home/pb2/build/sb_0-27500212-1520171728.22/mysql-5.7.22/storage/innobase/os/os0event.cc:165
#2  os_event::wait_low (this=0x3c60dd8, reset_sig_count=8) at /export/home/pb2/build/sb_0-27500212-1520171728.22/mysql-5.7.22/storage/innobase/os/os0event.cc:335
#3  0x0000000001093e8e in srv_worker_thread (arg=<optimized out>) at /export/home/pb2/build/sb_0-27500212-1520171728.22/mysql-5.7.22/storage/innobase/srv/srv0srv.cc:2520
#4  0x00007f82cd52fe25 in start_thread () from /lib64/libpthread.so.0
#5  0x00007f82cbfe8bad in clone () from /lib64/libc.so.6
Thread 16 (Thread 0x7f812a12e700 (LWP 2888)):
#0  0x00007f82cd533995 in pthread_cond_wait@@GLIBC_2.3.2 () from /lib64/libpthread.so.0
#1  0x0000000000ffb03b in wait (this=0x3c60e68) at /export/home/pb2/build/sb_0-27500212-1520171728.22/mysql-5.7.22/storage/innobase/os/os0event.cc:165
#2  os_event::wait_low (this=0x3c60e68, reset_sig_count=8) at /export/home/pb2/build/sb_0-27500212-1520171728.22/mysql-5.7.22/storage/innobase/os/os0event.cc:335
#3  0x0000000001093e8e in srv_worker_thread (arg=<optimized out>) at /export/home/pb2/build/sb_0-27500212-1520171728.22/mysql-5.7.22/storage/innobase/srv/srv0srv.cc:2520
#4  0x00007f82cd52fe25 in start_thread () from /lib64/libpthread.so.0
#5  0x00007f82cbfe8bad in clone () from /lib64/libc.so.6
Thread 15 (Thread 0x7f812992d700 (LWP 2889)):
#0  0x00007f82cd533995 in pthread_cond_wait@@GLIBC_2.3.2 () from /lib64/libpthread.so.0
#1  0x0000000000ffb03b in wait (this=0x3c61018) at /export/home/pb2/build/sb_0-27500212-1520171728.22/mysql-5.7.22/storage/innobase/os/os0event.cc:165
#2  os_event::wait_low (this=0x3c61018, reset_sig_count=1) at /export/home/pb2/build/sb_0-27500212-1520171728.22/mysql-5.7.22/storage/innobase/os/os0event.cc:335
#3  0x00000000011335bc in buf_dump_thread (arg=<optimized out>) at /export/home/pb2/build/sb_0-27500212-1520171728.22/mysql-5.7.22/storage/innobase/buf/buf0dump.cc:782
#4  0x00007f82cd52fe25 in start_thread () from /lib64/libpthread.so.0
#5  0x00007f82cbfe8bad in clone () from /lib64/libc.so.6
Thread 14 (Thread 0x7f812912c700 (LWP 2890)):
#0  0x00007f82cd533d42 in pthread_cond_timedwait@@GLIBC_2.3.2 () from /lib64/libpthread.so.0
#1  0x0000000000ffb1ee in os_event::timed_wait (this=<optimized out>, abstime=0x7f812912bdd0) at /export/home/pb2/build/sb_0-27500212-1520171728.22/mysql-5.7.22/storage/innobase/os/os0event.cc:285
#2  0x0000000000ffb50e in os_event::wait_time_low (this=0xe1e1718, time_in_usec=<optimized out>, reset_sig_count=1) at /export/home/pb2/build/sb_0-27500212-1520171728.22/mysql-5.7.22/storage/innobase/os/os0event.cc:412
#3  0x000000000117c887 in dict_stats_thread (arg=<optimized out>) at /export/home/pb2/build/sb_0-27500212-1520171728.22/mysql-5.7.22/storage/innobase/dict/dict0stats_bg.cc:428
#4  0x00007f82cd52fe25 in start_thread () from /lib64/libpthread.so.0
#5  0x00007f82cbfe8bad in clone () from /lib64/libc.so.6
Thread 13 (Thread 0x7f812892b700 (LWP 2891)):
#0  0x00007f82cd533d42 in pthread_cond_timedwait@@GLIBC_2.3.2 () from /lib64/libpthread.so.0
#1  0x0000000000ffb1ee in os_event::timed_wait (this=<optimized out>, abstime=0x7f812892a950) at /export/home/pb2/build/sb_0-27500212-1520171728.22/mysql-5.7.22/storage/innobase/os/os0event.cc:285
#2  0x0000000000ffb50e in os_event::wait_time_low (this=0xe268108, time_in_usec=<optimized out>, reset_sig_count=1) at /export/home/pb2/build/sb_0-27500212-1520171728.22/mysql-5.7.22/storage/innobase/os/os0event.cc:412
#3  0x00000000010e63d4 in ib_wqueue_timedwait (wq=0xe28d448, wait_in_usecs=5000000) at /export/home/pb2/build/sb_0-27500212-1520171728.22/mysql-5.7.22/storage/innobase/ut/ut0wqueue.cc:160
#4  0x00000000011c543a in fts_optimize_thread (arg=0xe28d448) at /export/home/pb2/build/sb_0-27500212-1520171728.22/mysql-5.7.22/storage/innobase/fts/fts0opt.cc:3031
#5  0x00007f82cd52fe25 in start_thread () from /lib64/libpthread.so.0
#6  0x00007f82cbfe8bad in clone () from /lib64/libc.so.6
Thread 12 (Thread 0x7f812812a700 (LWP 2892)):
#0  0x00007f82cd533995 in pthread_cond_wait@@GLIBC_2.3.2 () from /lib64/libpthread.so.0
#1  0x0000000000ffb03b in wait (this=0x3c61138) at /export/home/pb2/build/sb_0-27500212-1520171728.22/mysql-5.7.22/storage/innobase/os/os0event.cc:165
#2  os_event::wait_low (this=0x3c61138, reset_sig_count=1) at /export/home/pb2/build/sb_0-27500212-1520171728.22/mysql-5.7.22/storage/innobase/os/os0event.cc:335
#3  0x0000000001129a6c in buf_resize_thread (arg=<optimized out>) at /export/home/pb2/build/sb_0-27500212-1520171728.22/mysql-5.7.22/storage/innobase/buf/buf0buf.cc:3019
#4  0x00007f82cd52fe25 in start_thread () from /lib64/libpthread.so.0
#5  0x00007f82cbfe8bad in clone () from /lib64/libc.so.6
Thread 11 (Thread 0x7f812705b700 (LWP 2893)):
#0  0x00007f82cd537461 in sigwait () from /lib64/libpthread.so.0
#1  0x00000000007c5eeb in signal_hand (arg=<optimized out>) at /export/home/pb2/build/sb_0-27500212-1520171728.22/mysql-5.7.22/sql/mysqld.cc:2120
#2  0x0000000001256a94 in pfs_spawn_thread (arg=0xe38dca0) at /export/home/pb2/build/sb_0-27500212-1520171728.22/mysql-5.7.22/storage/perfschema/pfs.cc:2190
#3  0x00007f82cd52fe25 in start_thread () from /lib64/libpthread.so.0
#4  0x00007f82cbfe8bad in clone () from /lib64/libc.so.6
Thread 10 (Thread 0x7f81127ad700 (LWP 2894)):
#0  0x00007f82cd533995 in pthread_cond_wait@@GLIBC_2.3.2 () from /lib64/libpthread.so.0
#1  0x0000000000ebee55 in native_cond_wait (mutex=<optimized out>, cond=<optimized out>) at /export/home/pb2/build/sb_0-27500212-1520171728.22/mysql-5.7.22/include/thr_cond.h:140
#2  my_cond_wait (mp=<optimized out>, cond=<optimized out>) at /export/home/pb2/build/sb_0-27500212-1520171728.22/mysql-5.7.22/include/thr_cond.h:195
#3  inline_mysql_cond_wait (src_line=874, src_file=0x15e0220 "/export/home/pb2/build/sb_0-27500212-1520171728.22/mysql-5.7.22/sql/rpl_gtid_persist.cc", mutex=<optimized out>, that=<optimized out>) at /export/home/pb2/build/sb_0-27500212-1520171728.22/mysql-5.7.22/include/mysql/psi/mysql_thread.h:1184
#4  compress_gtid_table (p_thd=<optimized out>) at /export/home/pb2/build/sb_0-27500212-1520171728.22/mysql-5.7.22/sql/rpl_gtid_persist.cc:874
#5  0x0000000001256a94 in pfs_spawn_thread (arg=0xe43adb0) at /export/home/pb2/build/sb_0-27500212-1520171728.22/mysql-5.7.22/storage/perfschema/pfs.cc:2190
#6  0x00007f82cd52fe25 in start_thread () from /lib64/libpthread.so.0
#7  0x00007f82cbfe8bad in clone () from /lib64/libc.so.6
Thread 9 (Thread 0x7f8126fd9700 (LWP 25233)):
#0  0x00007f82cbfddf0d in poll () from /lib64/libc.so.6
#1  0x00000000012bdf4f in vio_io_wait (vio=<optimized out>, event=<optimized out>, timeout=3600000) at /export/home/pb2/build/sb_0-27500212-1520171728.22/mysql-5.7.22/vio/viosocket.c:786
#2  0x00000000012be043 in vio_socket_io_wait (vio=<optimized out>, event=<optimized out>) at /export/home/pb2/build/sb_0-27500212-1520171728.22/mysql-5.7.22/vio/viosocket.c:77
#3  0x00000000012be678 in vio_read (vio=0xe480020, buf=0xe457940 "\a", size=4) at /export/home/pb2/build/sb_0-27500212-1520171728.22/mysql-5.7.22/vio/viosocket.c:132
#4  0x0000000000c6ccc3 in net_read_raw_loop (net=0xe3bf658, count=4) at /export/home/pb2/build/sb_0-27500212-1520171728.22/mysql-5.7.22/sql/net_serv.cc:672
#5  0x0000000000c6d55b in net_read_packet_header (net=0xe3bf658) at /export/home/pb2/build/sb_0-27500212-1520171728.22/mysql-5.7.22/sql/net_serv.cc:756
#6  net_read_packet (net=0xe3bf658, complen=0x7f8126fd8cf8) at /export/home/pb2/build/sb_0-27500212-1520171728.22/mysql-5.7.22/sql/net_serv.cc:822
#7  0x0000000000c6d80c in my_net_read (net=0xe3bf658) at /export/home/pb2/build/sb_0-27500212-1520171728.22/mysql-5.7.22/sql/net_serv.cc:899
#8  0x0000000000c7b07c in Protocol_classic::read_packet (this=0xe3beef8) at /export/home/pb2/build/sb_0-27500212-1520171728.22/mysql-5.7.22/sql/protocol_classic.cc:808
#9  0x0000000000c79e12 in Protocol_classic::get_command (this=0xe3beef8, com_data=0x7f8126fd8da0, cmd=0x7f8126fd8dcc) at /export/home/pb2/build/sb_0-27500212-1520171728.22/mysql-5.7.22/sql/protocol_classic.cc:965
#10 0x0000000000d1ca77 in do_command (thd=0xe3bdea0) at /export/home/pb2/build/sb_0-27500212-1520171728.22/mysql-5.7.22/sql/sql_parse.cc:938
#11 0x0000000000dedaec in handle_connection (arg=<optimized out>) at /export/home/pb2/build/sb_0-27500212-1520171728.22/mysql-5.7.22/sql/conn_handler/connection_handler_per_thread.cc:300
#12 0x0000000001256a94 in pfs_spawn_thread (arg=0xe38dca0) at /export/home/pb2/build/sb_0-27500212-1520171728.22/mysql-5.7.22/storage/perfschema/pfs.cc:2190
#13 0x00007f82cd52fe25 in start_thread () from /lib64/libpthread.so.0
#14 0x00007f82cbfe8bad in clone () from /lib64/libc.so.6
Thread 8 (Thread 0x7f8126f57700 (LWP 26170)):
#0  0x00007f82cbfddf0d in poll () from /lib64/libc.so.6
#1  0x00000000012bdf4f in vio_io_wait (vio=<optimized out>, event=<optimized out>, timeout=3600000) at /export/home/pb2/build/sb_0-27500212-1520171728.22/mysql-5.7.22/vio/viosocket.c:786
#2  0x00000000012be043 in vio_socket_io_wait (vio=<optimized out>, event=<optimized out>) at /export/home/pb2/build/sb_0-27500212-1520171728.22/mysql-5.7.22/vio/viosocket.c:77
#3  0x00000000012be678 in vio_read (vio=0x7f80f400f7c0, buf=0x7f80f40008e0 "\001", size=4) at /export/home/pb2/build/sb_0-27500212-1520171728.22/mysql-5.7.22/vio/viosocket.c:132
#4  0x0000000000c6ccc3 in net_read_raw_loop (net=0x7f80f4013bb8, count=4) at /export/home/pb2/build/sb_0-27500212-1520171728.22/mysql-5.7.22/sql/net_serv.cc:672
#5  0x0000000000c6d55b in net_read_packet_header (net=0x7f80f4013bb8) at /export/home/pb2/build/sb_0-27500212-1520171728.22/mysql-5.7.22/sql/net_serv.cc:756
#6  net_read_packet (net=0x7f80f4013bb8, complen=0x7f8126f56cf8) at /export/home/pb2/build/sb_0-27500212-1520171728.22/mysql-5.7.22/sql/net_serv.cc:822
#7  0x0000000000c6d80c in my_net_read (net=0x7f80f4013bb8) at /export/home/pb2/build/sb_0-27500212-1520171728.22/mysql-5.7.22/sql/net_serv.cc:899
#8  0x0000000000c7b07c in Protocol_classic::read_packet (this=0x7f80f4013458) at /export/home/pb2/build/sb_0-27500212-1520171728.22/mysql-5.7.22/sql/protocol_classic.cc:808
#9  0x0000000000c79e12 in Protocol_classic::get_command (this=0x7f80f4013458, com_data=0x7f8126f56da0, cmd=0x7f8126f56dcc) at /export/home/pb2/build/sb_0-27500212-1520171728.22/mysql-5.7.22/sql/protocol_classic.cc:965
#10 0x0000000000d1ca77 in do_command (thd=0x7f80f4012400) at /export/home/pb2/build/sb_0-27500212-1520171728.22/mysql-5.7.22/sql/sql_parse.cc:938
#11 0x0000000000dedaec in handle_connection (arg=<optimized out>) at /export/home/pb2/build/sb_0-27500212-1520171728.22/mysql-5.7.22/sql/conn_handler/connection_handler_per_thread.cc:300
#12 0x0000000001256a94 in pfs_spawn_thread (arg=0xe38dca0) at /export/home/pb2/build/sb_0-27500212-1520171728.22/mysql-5.7.22/storage/perfschema/pfs.cc:2190
#13 0x00007f82cd52fe25 in start_thread () from /lib64/libpthread.so.0
#14 0x00007f82cbfe8bad in clone () from /lib64/libc.so.6
Thread 7 (Thread 0x7f8126ed4700 (LWP 29202)):
#0  0x00007f82cbfddf0d in poll () from /lib64/libc.so.6
#1  0x00000000012bdf4f in vio_io_wait (vio=<optimized out>, event=<optimized out>, timeout=3600000) at /export/home/pb2/build/sb_0-27500212-1520171728.22/mysql-5.7.22/vio/viosocket.c:786
#2  0x00000000012be043 in vio_socket_io_wait (vio=<optimized out>, event=<optimized out>) at /export/home/pb2/build/sb_0-27500212-1520171728.22/mysql-5.7.22/vio/viosocket.c:77
#3  0x00000000012be678 in vio_read (vio=0x7f8100000950, buf=0x7f810000a200 "\001", size=4) at /export/home/pb2/build/sb_0-27500212-1520171728.22/mysql-5.7.22/vio/viosocket.c:132
#4  0x0000000000c6ccc3 in net_read_raw_loop (net=0x7f8100002308, count=4) at /export/home/pb2/build/sb_0-27500212-1520171728.22/mysql-5.7.22/sql/net_serv.cc:672
#5  0x0000000000c6d55b in net_read_packet_header (net=0x7f8100002308) at /export/home/pb2/build/sb_0-27500212-1520171728.22/mysql-5.7.22/sql/net_serv.cc:756
#6  net_read_packet (net=0x7f8100002308, complen=0x7f8126ed3cf8) at /export/home/pb2/build/sb_0-27500212-1520171728.22/mysql-5.7.22/sql/net_serv.cc:822
#7  0x0000000000c6d80c in my_net_read (net=0x7f8100002308) at /export/home/pb2/build/sb_0-27500212-1520171728.22/mysql-5.7.22/sql/net_serv.cc:899
#8  0x0000000000c7b07c in Protocol_classic::read_packet (this=0x7f8100001ba8) at /export/home/pb2/build/sb_0-27500212-1520171728.22/mysql-5.7.22/sql/protocol_classic.cc:808
#9  0x0000000000c79e12 in Protocol_classic::get_command (this=0x7f8100001ba8, com_data=0x7f8126ed3da0, cmd=0x7f8126ed3dcc) at /export/home/pb2/build/sb_0-27500212-1520171728.22/mysql-5.7.22/sql/protocol_classic.cc:965
#10 0x0000000000d1ca77 in do_command (thd=0x7f8100000b50) at /export/home/pb2/build/sb_0-27500212-1520171728.22/mysql-5.7.22/sql/sql_parse.cc:938
#11 0x0000000000dedaec in handle_connection (arg=<optimized out>) at /export/home/pb2/build/sb_0-27500212-1520171728.22/mysql-5.7.22/sql/conn_handler/connection_handler_per_thread.cc:300
#12 0x0000000001256a94 in pfs_spawn_thread (arg=0xe4c0470) at /export/home/pb2/build/sb_0-27500212-1520171728.22/mysql-5.7.22/storage/perfschema/pfs.cc:2190
#13 0x00007f82cd52fe25 in start_thread () from /lib64/libpthread.so.0
#14 0x00007f82cbfe8bad in clone () from /lib64/libc.so.6
Thread 6 (Thread 0x7f81185b8700 (LWP 29204)):
#0  0x00007f82cbfddf0d in poll () from /lib64/libc.so.6
#1  0x00000000012bdf4f in vio_io_wait (vio=<optimized out>, event=<optimized out>, timeout=3600000) at /export/home/pb2/build/sb_0-27500212-1520171728.22/mysql-5.7.22/vio/viosocket.c:786
#2  0x00000000012be043 in vio_socket_io_wait (vio=<optimized out>, event=<optimized out>) at /export/home/pb2/build/sb_0-27500212-1520171728.22/mysql-5.7.22/vio/viosocket.c:77
#3  0x00000000012be678 in vio_read (vio=0x7f80fc021230, buf=0x7f80fc00c040 "\001", size=4) at /export/home/pb2/build/sb_0-27500212-1520171728.22/mysql-5.7.22/vio/viosocket.c:132
#4  0x0000000000c6ccc3 in net_read_raw_loop (net=0x7f80fc018488, count=4) at /export/home/pb2/build/sb_0-27500212-1520171728.22/mysql-5.7.22/sql/net_serv.cc:672
#5  0x0000000000c6d55b in net_read_packet_header (net=0x7f80fc018488) at /export/home/pb2/build/sb_0-27500212-1520171728.22/mysql-5.7.22/sql/net_serv.cc:756
#6  net_read_packet (net=0x7f80fc018488, complen=0x7f81185b7cf8) at /export/home/pb2/build/sb_0-27500212-1520171728.22/mysql-5.7.22/sql/net_serv.cc:822
#7  0x0000000000c6d80c in my_net_read (net=0x7f80fc018488) at /export/home/pb2/build/sb_0-27500212-1520171728.22/mysql-5.7.22/sql/net_serv.cc:899
#8  0x0000000000c7b07c in Protocol_classic::read_packet (this=0x7f80fc017d28) at /export/home/pb2/build/sb_0-27500212-1520171728.22/mysql-5.7.22/sql/protocol_classic.cc:808
#9  0x0000000000c79e12 in Protocol_classic::get_command (this=0x7f80fc017d28, com_data=0x7f81185b7da0, cmd=0x7f81185b7dcc) at /export/home/pb2/build/sb_0-27500212-1520171728.22/mysql-5.7.22/sql/protocol_classic.cc:965
#10 0x0000000000d1ca77 in do_command (thd=0x7f80fc016cd0) at /export/home/pb2/build/sb_0-27500212-1520171728.22/mysql-5.7.22/sql/sql_parse.cc:938
#11 0x0000000000dedaec in handle_connection (arg=<optimized out>) at /export/home/pb2/build/sb_0-27500212-1520171728.22/mysql-5.7.22/sql/conn_handler/connection_handler_per_thread.cc:300
#12 0x0000000001256a94 in pfs_spawn_thread (arg=0xee9d1a0) at /export/home/pb2/build/sb_0-27500212-1520171728.22/mysql-5.7.22/storage/perfschema/pfs.cc:2190
#13 0x00007f82cd52fe25 in start_thread () from /lib64/libpthread.so.0
#14 0x00007f82cbfe8bad in clone () from /lib64/libc.so.6
Thread 5 (Thread 0x7f8118536700 (LWP 29233)):
#0  0x00007f82cd533d42 in pthread_cond_timedwait@@GLIBC_2.3.2 () from /lib64/libpthread.so.0
#1  0x000000000088d95c in native_cond_timedwait (abstime=0x7f8118533ec0, mutex=0x1e59f40 <LOCK_item_func_sleep>, cond=0x7f8118533f30) at /export/home/pb2/build/sb_0-27500212-1520171728.22/mysql-5.7.22/include/thr_cond.h:129
#2  my_cond_timedwait (abstime=0x7f8118533ec0, mp=0x1e59f40 <LOCK_item_func_sleep>, cond=0x7f8118533f30) at /export/home/pb2/build/sb_0-27500212-1520171728.22/mysql-5.7.22/include/thr_cond.h:182
#3  inline_mysql_cond_timedwait (src_line=5262, src_file=0x134d7c0 "/export/home/pb2/build/sb_0-27500212-1520171728.22/mysql-5.7.22/sql/item_func.cc", abstime=0x7f8118533ec0, mutex=0x1e59f40 <LOCK_item_func_sleep>, that=0x7f8118533f30) at /export/home/pb2/build/sb_0-27500212-1520171728.22/mysql-5.7.22/include/mysql/psi/mysql_thread.h:1229
#4  Interruptible_wait::wait (this=0x7f8118533fa0, cond=0x7f8118533f30, mutex=0x1e59f40 <LOCK_item_func_sleep>) at /export/home/pb2/build/sb_0-27500212-1520171728.22/mysql-5.7.22/sql/item_func.cc:5262
#5  0x00000000008979a8 in Item_func_sleep::val_int (this=<optimized out>) at /export/home/pb2/build/sb_0-27500212-1520171728.22/mysql-5.7.22/sql/item_func.cc:6063
#6  0x0000000000826f24 in Item::send (this=0x7f810800f3e0, protocol=0x7f810800b018, buffer=0x7f8118534360) at /export/home/pb2/build/sb_0-27500212-1520171728.22/mysql-5.7.22/sql/item.cc:7563
#7  0x0000000000cd2fa3 in THD::send_result_set_row (this=0x7f8108009fc0, row_items=<optimized out>) at /export/home/pb2/build/sb_0-27500212-1520171728.22/mysql-5.7.22/sql/sql_class.cc:4681
#8  0x0000000000cd308b in Query_result_send::send_data (this=0x7f810800fb18, items=...) at /export/home/pb2/build/sb_0-27500212-1520171728.22/mysql-5.7.22/sql/sql_class.cc:2721
#9  0x0000000000ce4828 in end_send (join=0x7f810800fc38, qep_tab=0x7f8108010490, end_of_records=<optimized out>) at /export/home/pb2/build/sb_0-27500212-1520171728.22/mysql-5.7.22/sql/sql_executor.cc:2913
#10 0x0000000000ce9cfe in evaluate_join_record (join=0x7f810800fc38, qep_tab=0x7f8108010318) at /export/home/pb2/build/sb_0-27500212-1520171728.22/mysql-5.7.22/sql/sql_executor.cc:1645
#11 0x0000000000ceade3 in sub_select (join=0x7f810800fc38, qep_tab=0x7f8108010318, end_of_records=<optimized out>) at /export/home/pb2/build/sb_0-27500212-1520171728.22/mysql-5.7.22/sql/sql_executor.cc:1297
#12 0x0000000000cea2ba in do_select (join=0x7f810800fc38) at /export/home/pb2/build/sb_0-27500212-1520171728.22/mysql-5.7.22/sql/sql_executor.cc:950
#13 JOIN::exec (this=0x7f810800fc38) at /export/home/pb2/build/sb_0-27500212-1520171728.22/mysql-5.7.22/sql/sql_executor.cc:199
#14 0x0000000000d54a10 in handle_query (thd=0x7f8108009fc0, lex=0x7f810800c128, result=0x7f810800fb18, added_options=1, removed_options=0) at /export/home/pb2/build/sb_0-27500212-1520171728.22/mysql-5.7.22/sql/sql_select.cc:184
#15 0x0000000000d15353 in execute_sqlcom_select (thd=0x7f8108009fc0, all_tables=<optimized out>) at /export/home/pb2/build/sb_0-27500212-1520171728.22/mysql-5.7.22/sql/sql_parse.cc:5156
#16 0x0000000000d18bce in mysql_execute_command (thd=0x7f8108009fc0, first_level=true) at /export/home/pb2/build/sb_0-27500212-1520171728.22/mysql-5.7.22/sql/sql_parse.cc:2792
#17 0x0000000000d1aaad in mysql_parse (thd=0x7f8108009fc0, parser_state=<optimized out>) at /export/home/pb2/build/sb_0-27500212-1520171728.22/mysql-5.7.22/sql/sql_parse.cc:5582
#18 0x0000000000d1bcca in dispatch_command (thd=0x7f8108009fc0, com_data=0x7f8118535da0, command=COM_QUERY) at /export/home/pb2/build/sb_0-27500212-1520171728.22/mysql-5.7.22/sql/sql_parse.cc:1458
#19 0x0000000000d1cb74 in do_command (thd=0x7f8108009fc0) at /export/home/pb2/build/sb_0-27500212-1520171728.22/mysql-5.7.22/sql/sql_parse.cc:999
#20 0x0000000000dedaec in handle_connection (arg=<optimized out>) at /export/home/pb2/build/sb_0-27500212-1520171728.22/mysql-5.7.22/sql/conn_handler/connection_handler_per_thread.cc:300
#21 0x0000000001256a94 in pfs_spawn_thread (arg=0xee9d1a0) at /export/home/pb2/build/sb_0-27500212-1520171728.22/mysql-5.7.22/storage/perfschema/pfs.cc:2190
#22 0x00007f82cd52fe25 in start_thread () from /lib64/libpthread.so.0
#23 0x00007f82cbfe8bad in clone () from /lib64/libc.so.6

srv_conc_enter_innodb_with_atomics
Thread 4 (Thread 0x7f81184b4700 (LWP 29238)):
#0  0x00007f82cd536f3d in nanosleep () from /lib64/libpthread.so.0
#1  0x0000000000ffb7a0 in os_thread_sleep (tm=<optimized out>) at /export/home/pb2/build/sb_0-27500212-1520171728.22/mysql-5.7.22/storage/innobase/os/os0thread.cc:279
#2  0x000000000108fea1 in srv_conc_enter_innodb_with_atomics (trx=0x7f82c138ecb0) at /export/home/pb2/build/sb_0-27500212-1520171728.22/mysql-5.7.22/storage/innobase/srv/srv0conc.cc:213
#3  srv_conc_enter_innodb (prebuilt=<optimized out>) at /export/home/pb2/build/sb_0-27500212-1520171728.22/mysql-5.7.22/storage/innobase/srv/srv0conc.cc:257
#4  0x0000000000f85e2c in ha_innobase::index_read (this=0x7f81040186c0, buf=0x7f81040189b0 "\377", key_ptr=<optimized out>, key_len=0, find_flag=HA_READ_AFTER_KEY) at /export/home/pb2/build/sb_0-27500212-1520171728.22/mysql-5.7.22/storage/innobase/handler/ha_innodb.cc:8692
#5  0x0000000000f73929 in ha_innobase::index_first (this=0x7f81040186c0, buf=0x7f81040189b0 "\377") at /export/home/pb2/build/sb_0-27500212-1520171728.22/mysql-5.7.22/storage/innobase/handler/ha_innodb.cc:9125
#6  0x0000000000f85b48 in ha_innobase::rnd_next (this=0x7f81040186c0, buf=0x7f81040189b0 "\377") at /export/home/pb2/build/sb_0-27500212-1520171728.22/mysql-5.7.22/storage/innobase/handler/ha_innodb.cc:9223
#7  0x000000000081a816 in handler::ha_rnd_next (this=0x7f81040186c0, buf=0x7f81040189b0 "\377") at /export/home/pb2/build/sb_0-27500212-1520171728.22/mysql-5.7.22/sql/handler.cc:2947
#8  0x0000000000c7dbce in rr_sequential (info=0x7f8104010d88) at /export/home/pb2/build/sb_0-27500212-1520171728.22/mysql-5.7.22/sql/records.cc:510
#9  0x0000000000cead7a in sub_select (join=0x7f8104010658, qep_tab=0x7f8104010d38, end_of_records=<optimized out>) at /export/home/pb2/build/sb_0-27500212-1520171728.22/mysql-5.7.22/sql/sql_executor.cc:1277
#10 0x0000000000cea2ba in do_select (join=0x7f8104010658) at /export/home/pb2/build/sb_0-27500212-1520171728.22/mysql-5.7.22/sql/sql_executor.cc:950
#11 JOIN::exec (this=0x7f8104010658) at /export/home/pb2/build/sb_0-27500212-1520171728.22/mysql-5.7.22/sql/sql_executor.cc:199
#12 0x0000000000d54a10 in handle_query (thd=0x7f810400a560, lex=0x7f810400c6c8, result=0x7f8104010308, added_options=1, removed_options=0) at /export/home/pb2/build/sb_0-27500212-1520171728.22/mysql-5.7.22/sql/sql_select.cc:184
#13 0x0000000000d15353 in execute_sqlcom_select (thd=0x7f810400a560, all_tables=<optimized out>) at /export/home/pb2/build/sb_0-27500212-1520171728.22/mysql-5.7.22/sql/sql_parse.cc:5156
#14 0x0000000000d18bce in mysql_execute_command (thd=0x7f810400a560, first_level=true) at /export/home/pb2/build/sb_0-27500212-1520171728.22/mysql-5.7.22/sql/sql_parse.cc:2792
#15 0x0000000000d1aaad in mysql_parse (thd=0x7f810400a560, parser_state=<optimized out>) at /export/home/pb2/build/sb_0-27500212-1520171728.22/mysql-5.7.22/sql/sql_parse.cc:5582
#16 0x0000000000d1bcca in dispatch_command (thd=0x7f810400a560, com_data=0x7f81184b3da0, command=COM_QUERY) at /export/home/pb2/build/sb_0-27500212-1520171728.22/mysql-5.7.22/sql/sql_parse.cc:1458
#17 0x0000000000d1cb74 in do_command (thd=0x7f810400a560) at /export/home/pb2/build/sb_0-27500212-1520171728.22/mysql-5.7.22/sql/sql_parse.cc:999
#18 0x0000000000dedaec in handle_connection (arg=<optimized out>) at /export/home/pb2/build/sb_0-27500212-1520171728.22/mysql-5.7.22/sql/conn_handler/connection_handler_per_thread.cc:300
#19 0x0000000001256a94 in pfs_spawn_thread (arg=0xee9d1a0) at /export/home/pb2/build/sb_0-27500212-1520171728.22/mysql-5.7.22/storage/perfschema/pfs.cc:2190
#20 0x00007f82cd52fe25 in start_thread () from /lib64/libpthread.so.0
#21 0x00007f82cbfe8bad in clone () from /lib64/libc.so.6
Thread 3 (Thread 0x7f8118432700 (LWP 29243)):
#0  0x00007f82cbfddf0d in poll () from /lib64/libc.so.6
#1  0x00000000012bdf4f in vio_io_wait (vio=<optimized out>, event=<optimized out>, timeout=3600000) at /export/home/pb2/build/sb_0-27500212-1520171728.22/mysql-5.7.22/vio/viosocket.c:786
#2  0x00000000012be043 in vio_socket_io_wait (vio=<optimized out>, event=<optimized out>) at /export/home/pb2/build/sb_0-27500212-1520171728.22/mysql-5.7.22/vio/viosocket.c:77
#3  0x00000000012be678 in vio_read (vio=0x7f810c00a1e0, buf=0x7f810c013a90 "\001", size=4) at /export/home/pb2/build/sb_0-27500212-1520171728.22/mysql-5.7.22/vio/viosocket.c:132
#4  0x0000000000c6ccc3 in net_read_raw_loop (net=0x7f810c00bb98, count=4) at /export/home/pb2/build/sb_0-27500212-1520171728.22/mysql-5.7.22/sql/net_serv.cc:672
#5  0x0000000000c6d55b in net_read_packet_header (net=0x7f810c00bb98) at /export/home/pb2/build/sb_0-27500212-1520171728.22/mysql-5.7.22/sql/net_serv.cc:756
#6  net_read_packet (net=0x7f810c00bb98, complen=0x7f8118431cf8) at /export/home/pb2/build/sb_0-27500212-1520171728.22/mysql-5.7.22/sql/net_serv.cc:822
#7  0x0000000000c6d80c in my_net_read (net=0x7f810c00bb98) at /export/home/pb2/build/sb_0-27500212-1520171728.22/mysql-5.7.22/sql/net_serv.cc:899
#8  0x0000000000c7b07c in Protocol_classic::read_packet (this=0x7f810c00b438) at /export/home/pb2/build/sb_0-27500212-1520171728.22/mysql-5.7.22/sql/protocol_classic.cc:808
#9  0x0000000000c79e12 in Protocol_classic::get_command (this=0x7f810c00b438, com_data=0x7f8118431da0, cmd=0x7f8118431dcc) at /export/home/pb2/build/sb_0-27500212-1520171728.22/mysql-5.7.22/sql/protocol_classic.cc:965
#10 0x0000000000d1ca77 in do_command (thd=0x7f810c00a3e0) at /export/home/pb2/build/sb_0-27500212-1520171728.22/mysql-5.7.22/sql/sql_parse.cc:938
#11 0x0000000000dedaec in handle_connection (arg=<optimized out>) at /export/home/pb2/build/sb_0-27500212-1520171728.22/mysql-5.7.22/sql/conn_handler/connection_handler_per_thread.cc:300
#12 0x0000000001256a94 in pfs_spawn_thread (arg=0xee9d1a0) at /export/home/pb2/build/sb_0-27500212-1520171728.22/mysql-5.7.22/storage/perfschema/pfs.cc:2190
#13 0x00007f82cd52fe25 in start_thread () from /lib64/libpthread.so.0
#14 0x00007f82cbfe8bad in clone () from /lib64/libc.so.6
Thread 2 (Thread 0x7f81183b0700 (LWP 29248)):
#0  0x00007f82cd533d42 in pthread_cond_timedwait@@GLIBC_2.3.2 () from /lib64/libpthread.so.0
#1  0x000000000088d95c in native_cond_timedwait (abstime=0x7f81183adec0, mutex=0x1e59f40 <LOCK_item_func_sleep>, cond=0x7f81183adf30) at /export/home/pb2/build/sb_0-27500212-1520171728.22/mysql-5.7.22/include/thr_cond.h:129
#2  my_cond_timedwait (abstime=0x7f81183adec0, mp=0x1e59f40 <LOCK_item_func_sleep>, cond=0x7f81183adf30) at /export/home/pb2/build/sb_0-27500212-1520171728.22/mysql-5.7.22/include/thr_cond.h:182
#3  inline_mysql_cond_timedwait (src_line=5262, src_file=0x134d7c0 "/export/home/pb2/build/sb_0-27500212-1520171728.22/mysql-5.7.22/sql/item_func.cc", abstime=0x7f81183adec0, mutex=0x1e59f40 <LOCK_item_func_sleep>, that=0x7f81183adf30) at /export/home/pb2/build/sb_0-27500212-1520171728.22/mysql-5.7.22/include/mysql/psi/mysql_thread.h:1229
#4  Interruptible_wait::wait (this=0x7f81183adfa0, cond=0x7f81183adf30, mutex=0x1e59f40 <LOCK_item_func_sleep>) at /export/home/pb2/build/sb_0-27500212-1520171728.22/mysql-5.7.22/sql/item_func.cc:5262
#5  0x00000000008979a8 in Item_func_sleep::val_int (this=<optimized out>) at /export/home/pb2/build/sb_0-27500212-1520171728.22/mysql-5.7.22/sql/item_func.cc:6063
#6  0x0000000000826f24 in Item::send (this=0x7f8114006460, protocol=0x7f8114001b38, buffer=0x7f81183ae360) at /export/home/pb2/build/sb_0-27500212-1520171728.22/mysql-5.7.22/sql/item.cc:7563
#7  0x0000000000cd2fa3 in THD::send_result_set_row (this=0x7f8114000ae0, row_items=<optimized out>) at /export/home/pb2/build/sb_0-27500212-1520171728.22/mysql-5.7.22/sql/sql_class.cc:4681
#8  0x0000000000cd308b in Query_result_send::send_data (this=0x7f8114006b98, items=...) at /export/home/pb2/build/sb_0-27500212-1520171728.22/mysql-5.7.22/sql/sql_class.cc:2721
#9  0x0000000000ce4828 in end_send (join=0x7f8114006cb8, qep_tab=0x7f8114007510, end_of_records=<optimized out>) at /export/home/pb2/build/sb_0-27500212-1520171728.22/mysql-5.7.22/sql/sql_executor.cc:2913
#10 0x0000000000ce9cfe in evaluate_join_record (join=0x7f8114006cb8, qep_tab=0x7f8114007398) at /export/home/pb2/build/sb_0-27500212-1520171728.22/mysql-5.7.22/sql/sql_executor.cc:1645
#11 0x0000000000ceade3 in sub_select (join=0x7f8114006cb8, qep_tab=0x7f8114007398, end_of_records=<optimized out>) at /export/home/pb2/build/sb_0-27500212-1520171728.22/mysql-5.7.22/sql/sql_executor.cc:1297
#12 0x0000000000cea2ba in do_select (join=0x7f8114006cb8) at /export/home/pb2/build/sb_0-27500212-1520171728.22/mysql-5.7.22/sql/sql_executor.cc:950
#13 JOIN::exec (this=0x7f8114006cb8) at /export/home/pb2/build/sb_0-27500212-1520171728.22/mysql-5.7.22/sql/sql_executor.cc:199
#14 0x0000000000d54a10 in handle_query (thd=0x7f8114000ae0, lex=0x7f8114002c48, result=0x7f8114006b98, added_options=1, removed_options=0) at /export/home/pb2/build/sb_0-27500212-1520171728.22/mysql-5.7.22/sql/sql_select.cc:184
#15 0x0000000000d15353 in execute_sqlcom_select (thd=0x7f8114000ae0, all_tables=<optimized out>) at /export/home/pb2/build/sb_0-27500212-1520171728.22/mysql-5.7.22/sql/sql_parse.cc:5156
#16 0x0000000000d18bce in mysql_execute_command (thd=0x7f8114000ae0, first_level=true) at /export/home/pb2/build/sb_0-27500212-1520171728.22/mysql-5.7.22/sql/sql_parse.cc:2792
#17 0x0000000000d1aaad in mysql_parse (thd=0x7f8114000ae0, parser_state=<optimized out>) at /export/home/pb2/build/sb_0-27500212-1520171728.22/mysql-5.7.22/sql/sql_parse.cc:5582
#18 0x0000000000d1bcca in dispatch_command (thd=0x7f8114000ae0, com_data=0x7f81183afda0, command=COM_QUERY) at /export/home/pb2/build/sb_0-27500212-1520171728.22/mysql-5.7.22/sql/sql_parse.cc:1458
#19 0x0000000000d1cb74 in do_command (thd=0x7f8114000ae0) at /export/home/pb2/build/sb_0-27500212-1520171728.22/mysql-5.7.22/sql/sql_parse.cc:999
#20 0x0000000000dedaec in handle_connection (arg=<optimized out>) at /export/home/pb2/build/sb_0-27500212-1520171728.22/mysql-5.7.22/sql/conn_handler/connection_handler_per_thread.cc:300
#21 0x0000000001256a94 in pfs_spawn_thread (arg=0xee9d1a0) at /export/home/pb2/build/sb_0-27500212-1520171728.22/mysql-5.7.22/storage/perfschema/pfs.cc:2190
#22 0x00007f82cd52fe25 in start_thread () from /lib64/libpthread.so.0
#23 0x00007f82cbfe8bad in clone () from /lib64/libc.so.6
Thread 1 (Thread 0x7f82cd956780 (LWP 2844)):
#0  0x00007f82cbfddf0d in poll () from /lib64/libc.so.6
#1  0x0000000000deee39 in Mysqld_socket_listener::listen_for_connection_event (this=0xe27e880) at /export/home/pb2/build/sb_0-27500212-1520171728.22/mysql-5.7.22/sql/conn_handler/socket_connection.cc:852
#2  0x00000000007cb384 in connection_event_loop (this=0xe254780) at /export/home/pb2/build/sb_0-27500212-1520171728.22/mysql-5.7.22/sql/conn_handler/connection_acceptor.h:66
#3  mysqld_main (argc=130, argv=0x3b105f8) at /export/home/pb2/build/sb_0-27500212-1520171728.22/mysql-5.7.22/sql/mysqld.cc:5132
#4  0x00007f82cbf0c445 in __libc_start_main () from /lib64/libc.so.6
#5  0x00000000007c0ed9 in _start ()
